2020-03-02 17:57:12 [scrapy.utils.log] INFO: Scrapy 1.8.0 started (bot: glass_shop)
2020-03-02 17:57:12 [scrapy.utils.log] INFO: Versions: lxml 4.5.0.0, libxml2 2.9.10, cssselect 1.1.0, parsel 1.5.2, w3lib 1.21.0, Twisted 19.10.0, Python 3.7.1 (v3.7.1:260ec2c36a, Oct 20 2018, 03:13:28) - [Clang 6.0 (clang-600.0.57)], pyOpenSSL 19.1.0 (OpenSSL 1.1.1d  10 Sep 2019), cryptography 2.8, Platform Darwin-19.2.0-x86_64-i386-64bit
2020-03-02 17:57:12 [scrapy.crawler] INFO: Overridden settings: {'BOT_NAME': 'glass_shop', 'LOG_FILE': 'logs/glass_shop/best_seller/261021cc5cd911eab043acde48001122.log', 'NEWSPIDER_MODULE': 'glass_shop.spiders', 'ROBOTSTXT_OBEY': True, 'SPIDER_MODULES': ['glass_shop.spiders']}
2020-03-02 17:57:12 [scrapy.extensions.telnet] INFO: Telnet Password: d3453757d304e4df
2020-03-02 17:57:12 [scrapy.middleware] INFO: Enabled extensions:
['scrapy.extensions.corestats.CoreStats',
 'scrapy.extensions.telnet.TelnetConsole',
 'scrapy.extensions.memusage.MemoryUsage',
 'scrapy.extensions.logstats.LogStats']
2020-03-02 17:57:13 [scrapy.middleware] INFO: Enabled downloader middlewares:
['scrapy.downloadermiddlewares.robotstxt.RobotsTxtMiddleware',
 'scrapy.downloadermiddlewares.httpauth.HttpAuthMiddleware',
 'scrapy.downloadermiddlewares.downloadtimeout.DownloadTimeoutMiddleware',
 'scrapy.downloadermiddlewares.defaultheaders.DefaultHeadersMiddleware',
 'glass_shop.middlewares.UserAgentRotationMiddleware',
 'scrapy.downloadermiddlewares.useragent.UserAgentMiddleware',
 'scrapy.downloadermiddlewares.retry.RetryMiddleware',
 'scrapy.downloadermiddlewares.redirect.MetaRefreshMiddleware',
 'scrapy.downloadermiddlewares.httpcompression.HttpCompressionMiddleware',
 'scrapy.downloadermiddlewares.redirect.RedirectMiddleware',
 'scrapy.downloadermiddlewares.cookies.CookiesMiddleware',
 'scrapy.downloadermiddlewares.httpproxy.HttpProxyMiddleware',
 'scrapy.downloadermiddlewares.stats.DownloaderStats']
2020-03-02 17:57:13 [scrapy.middleware] INFO: Enabled spider middlewares:
['scrapy.spidermiddlewares.httperror.HttpErrorMiddleware',
 'scrapy.spidermiddlewares.offsite.OffsiteMiddleware',
 'scrapy.spidermiddlewares.referer.RefererMiddleware',
 'scrapy.spidermiddlewares.urllength.UrlLengthMiddleware',
 'scrapy.spidermiddlewares.depth.DepthMiddleware']
2020-03-02 17:57:13 [scrapy.middleware] INFO: Enabled item pipelines:
[]
2020-03-02 17:57:13 [scrapy.core.engine] INFO: Spider opened
2020-03-02 17:57:13 [scrapy.extensions.logstats] INFO: Crawled 0 pages (at 0 pages/min), scraped 0 items (at 0 items/min)
2020-03-02 17:57:13 [scrapy.extensions.telnet] INFO: Telnet console listening on 127.0.0.1:6023
2020-03-02 17:57:13 [scrapy.core.engine] DEBUG: Crawled (200) <GET https://www.glassesshop.com/robots.txt> (referer: None)
2020-03-02 17:57:14 [scrapy.core.engine] DEBUG: Crawled (200) <GET https://www.glassesshop.com/bestsellers> (referer: None)
2020-03-02 17:57:14 [scrapy.core.scraper] DEBUG: Scraped from <200 https://www.glassesshop.com/bestsellers>
{'url': 'https://www.glassesshop.com/eyeglasses/fz1320', 'img_url': 'https://glassesshop-res.cloudinary.com/w_800,h_400,c_pad/products/201906/5cf8ca4eb5fb5.jpg', 'name': 'Vogt - Multicolor', 'price': '$29.95', 'user-agent': b'Mozilla/5.0 (Windows NT 10.0; Win64; x64) AppleWebKit/537.36 (KHTML, like Gecko) Chrome/68.0.3440.106 Safari/537.36'}
2020-03-02 17:57:14 [scrapy.core.scraper] DEBUG: Scraped from <200 https://www.glassesshop.com/bestsellers>
{'url': 'https://www.glassesshop.com/eyeglasses/fm1387', 'img_url': 'https://glassesshop-res.cloudinary.com/w_800,h_400,c_pad/products/201906/5d031896311f6.jpg', 'name': 'Celia - Rose Gold', 'price': '$19.95', 'user-agent': b'Mozilla/5.0 (Windows NT 10.0; Win64; x64) AppleWebKit/537.36 (KHTML, like Gecko) Chrome/68.0.3440.106 Safari/537.36'}
2020-03-02 17:57:14 [scrapy.core.scraper] DEBUG: Scraped from <200 https://www.glassesshop.com/bestsellers>
{'url': 'https://www.glassesshop.com/eyeglasses/fm1385', 'img_url': 'https://glassesshop-res.cloudinary.com/w_800,h_400,c_pad/products/201906/5d031896295ff.jpg', 'name': 'Celestia - Black/Golden', 'price': '$19.95', 'user-agent': b'Mozilla/5.0 (Windows NT 10.0; Win64; x64) AppleWebKit/537.36 (KHTML, like Gecko) Chrome/68.0.3440.106 Safari/537.36'}
2020-03-02 17:57:14 [scrapy.core.scraper] DEBUG: Scraped from <200 https://www.glassesshop.com/bestsellers>
{'url': 'https://www.glassesshop.com/eyeglasses/fp1719', 'img_url': 'https://glassesshop-res.cloudinary.com/w_800,h_400,c_pad/products/201902/5c7757050ca47.jpg', 'name': 'Jean - Black', 'price': '$24.95', 'user-agent': b'Mozilla/5.0 (Windows NT 10.0; Win64; x64) AppleWebKit/537.36 (KHTML, like Gecko) Chrome/68.0.3440.106 Safari/537.36'}
2020-03-02 17:57:14 [scrapy.core.scraper] DEBUG: Scraped from <200 https://www.glassesshop.com/bestsellers>
{'url': 'https://www.glassesshop.com/eyeglasses/fm1263', 'img_url': 'https://glassesshop-res.cloudinary.com/w_800,h_400,c_pad/products/201906/5cf730e71cec3.jpg', 'name': 'Rochester - Black/Golden', 'price': '$29.95', 'user-agent': b'Mozilla/5.0 (Windows NT 10.0; Win64; x64) AppleWebKit/537.36 (KHTML, like Gecko) Chrome/68.0.3440.106 Safari/537.36'}
2020-03-02 17:57:14 [scrapy.core.scraper] DEBUG: Scraped from <200 https://www.glassesshop.com/bestsellers>
{'url': None, 'img_url': None, 'name': None, 'price': None, 'user-agent': b'Mozilla/5.0 (Windows NT 10.0; Win64; x64) AppleWebKit/537.36 (KHTML, like Gecko) Chrome/68.0.3440.106 Safari/537.36'}
2020-03-02 17:57:14 [scrapy.core.scraper] DEBUG: Scraped from <200 https://www.glassesshop.com/bestsellers>
{'url': 'https://www.glassesshop.com/eyeglasses/fm1017', 'img_url': 'https://glassesshop-res.cloudinary.com/w_800,h_400,c_pad/products/201805/5af13c7ed9208.jpg', 'name': 'Brunswick - Black', 'price': '$29.95', 'user-agent': b'Mozilla/5.0 (Windows NT 10.0; Win64; x64) AppleWebKit/537.36 (KHTML, like Gecko) Chrome/68.0.3440.106 Safari/537.36'}
2020-03-02 17:57:14 [scrapy.core.scraper] DEBUG: Scraped from <200 https://www.glassesshop.com/bestsellers>
{'url': 'https://www.glassesshop.com/eyeglasses/fp1658', 'img_url': 'https://glassesshop-res.cloudinary.com/w_800,h_400,c_pad/products/201806/5b10dfd765cde.jpg', 'name': 'Rainbow - Multicolor', 'price': '\n                                        ', 'user-agent': b'Mozilla/5.0 (Windows NT 10.0; Win64; x64) AppleWebKit/537.36 (KHTML, like Gecko) Chrome/68.0.3440.106 Safari/537.36'}
2020-03-02 17:57:14 [scrapy.core.scraper] DEBUG: Scraped from <200 https://www.glassesshop.com/bestsellers>
{'url': 'https://www.glassesshop.com/eyeglasses/fz1297', 'img_url': 'https://glassesshop-res.cloudinary.com/w_800,h_400,c_pad/products/201901/5c3403881a8fe.jpg', 'name': 'Hume - Tortoise/Brown', 'price': '$29.95', 'user-agent': b'Mozilla/5.0 (Windows NT 10.0; Win64; x64) AppleWebKit/537.36 (KHTML, like Gecko) Chrome/68.0.3440.106 Safari/537.36'}
2020-03-02 17:57:14 [scrapy.core.scraper] DEBUG: Scraped from <200 https://www.glassesshop.com/bestsellers>
{'url': 'https://www.glassesshop.com/eyeglasses/fp1661', 'img_url': 'https://glassesshop-res.cloudinary.com/w_800,h_400,c_pad/products/201805/5af16009d7b28.jpg', 'name': 'Derrick - Black/Golden', 'price': '$24.95', 'user-agent': b'Mozilla/5.0 (Windows NT 10.0; Win64; x64) AppleWebKit/537.36 (KHTML, like Gecko) Chrome/68.0.3440.106 Safari/537.36'}
2020-03-02 17:57:14 [scrapy.core.scraper] DEBUG: Scraped from <200 https://www.glassesshop.com/bestsellers>
{'url': 'https://www.glassesshop.com/eyeglasses/fp0989', 'img_url': 'https://glassesshop-res.cloudinary.com/w_800,h_400,c_pad/products/201808/5b873cb01adee.jpg', 'name': 'Hillsborough - Black/Chocolate', 'price': '$19.95', 'user-agent': b'Mozilla/5.0 (Windows NT 10.0; Win64; x64) AppleWebKit/537.36 (KHTML, like Gecko) Chrome/68.0.3440.106 Safari/537.36'}
2020-03-02 17:57:14 [scrapy.core.scraper] DEBUG: Scraped from <200 https://www.glassesshop.com/bestsellers>
{'url': 'https://www.glassesshop.com/eyeglasses/fp1662', 'img_url': 'https://glassesshop-res.cloudinary.com/w_800,h_400,c_pad/products/201806/5b10dff1e3d4d.jpg', 'name': 'Earl - Black/Crystal', 'price': '$19.95', 'user-agent': b'Mozilla/5.0 (Windows NT 10.0; Win64; x64) AppleWebKit/537.36 (KHTML, like Gecko) Chrome/68.0.3440.106 Safari/537.36'}
2020-03-02 17:57:14 [scrapy.core.scraper] DEBUG: Scraped from <200 https://www.glassesshop.com/bestsellers>
{'url': 'https://www.glassesshop.com/eyeglasses/fp1438', 'img_url': 'https://glassesshop-res.cloudinary.com/w_800,h_400,c_pad/products/201711/59fd646d8b5e8.jpg', 'name': 'Prince - Tortoise', 'price': '$19.95', 'user-agent': b'Mozilla/5.0 (Windows NT 10.0; Win64; x64) AppleWebKit/537.36 (KHTML, like Gecko) Chrome/68.0.3440.106 Safari/537.36'}
2020-03-02 17:57:14 [scrapy.core.scraper] DEBUG: Scraped from <200 https://www.glassesshop.com/bestsellers>
{'url': 'https://www.glassesshop.com/eyeglasses/fm1271', 'img_url': 'https://glassesshop-res.cloudinary.com/w_800,h_400,c_pad/products/201807/5b4c4d7b98167.jpg', 'name': 'Omar - Gunmetal', 'price': '$19.95', 'user-agent': b'Mozilla/5.0 (Windows NT 10.0; Win64; x64) AppleWebKit/537.36 (KHTML, like Gecko) Chrome/68.0.3440.106 Safari/537.36'}
2020-03-02 17:57:14 [scrapy.core.scraper] DEBUG: Scraped from <200 https://www.glassesshop.com/bestsellers>
{'url': 'https://www.glassesshop.com/eyeglasses/fp1734', 'img_url': 'https://glassesshop-res.cloudinary.com/w_800,h_400,c_pad/products/201807/5b4c4df75efc3.jpg', 'name': 'Osmond - Black', 'price': '$19.95', 'user-agent': b'Mozilla/5.0 (Windows NT 10.0; Win64; x64) AppleWebKit/537.36 (KHTML, like Gecko) Chrome/68.0.3440.106 Safari/537.36'}
2020-03-02 17:57:14 [scrapy.core.scraper] DEBUG: Scraped from <200 https://www.glassesshop.com/bestsellers>
{'url': 'https://www.glassesshop.com/eyeglasses/fp0985', 'img_url': 'https://glassesshop-res.cloudinary.com/w_800,h_400,c_pad/products/201703/58dcb61d82aea.jpg', 'name': 'Callan - Black', 'price': '$19.95', 'user-agent': b'Mozilla/5.0 (Windows NT 10.0; Win64; x64) AppleWebKit/537.36 (KHTML, like Gecko) Chrome/68.0.3440.106 Safari/537.36'}
2020-03-02 17:57:14 [scrapy.core.scraper] DEBUG: Scraped from <200 https://www.glassesshop.com/bestsellers>
{'url': 'https://www.glassesshop.com/eyeglasses/fp1281', 'img_url': 'https://glassesshop-res.cloudinary.com/w_800,h_400,c_pad/products/201701/587f15a44801d.jpg', 'name': 'Wood - Crystal/Tortoise', 'price': '$29.95', 'user-agent': b'Mozilla/5.0 (Windows NT 10.0; Win64; x64) AppleWebKit/537.36 (KHTML, like Gecko) Chrome/68.0.3440.106 Safari/537.36'}
2020-03-02 17:57:14 [scrapy.core.scraper] DEBUG: Scraped from <200 https://www.glassesshop.com/bestsellers>
{'url': 'https://www.glassesshop.com/eyeglasses/fp1742', 'img_url': 'https://glassesshop-res.cloudinary.com/w_800,h_400,c_pad/products/201807/5b4c4e365c7ab.jpg', 'name': 'Otis - Black', 'price': '$19.95', 'user-agent': b'Mozilla/5.0 (Windows NT 10.0; Win64; x64) AppleWebKit/537.36 (KHTML, like Gecko) Chrome/68.0.3440.106 Safari/537.36'}
2020-03-02 17:57:14 [scrapy.core.scraper] DEBUG: Scraped from <200 https://www.glassesshop.com/bestsellers>
{'url': 'https://www.glassesshop.com/eyeglasses/fp0917', 'img_url': 'https://glassesshop-res.cloudinary.com/w_800,h_400,c_pad/products/201709/59c9aad199397.jpg', 'name': 'BowlingGreen - Black', 'price': '$29.95', 'user-agent': b'Mozilla/5.0 (Windows NT 10.0; Win64; x64) AppleWebKit/537.36 (KHTML, like Gecko) Chrome/68.0.3440.106 Safari/537.36'}
2020-03-02 17:57:14 [scrapy.core.scraper] DEBUG: Scraped from <200 https://www.glassesshop.com/bestsellers>
{'url': 'https://www.glassesshop.com/eyeglasses/fz1208', 'img_url': 'https://glassesshop-res.cloudinary.com/w_800,h_400,c_pad/products/201807/5b4c5f6565a61.jpg', 'name': 'Pete - Crystal', 'price': '$39.95', 'user-agent': b'Mozilla/5.0 (Windows NT 10.0; Win64; x64) AppleWebKit/537.36 (KHTML, like Gecko) Chrome/68.0.3440.106 Safari/537.36'}
2020-03-02 17:57:14 [scrapy.core.scraper] DEBUG: Scraped from <200 https://www.glassesshop.com/bestsellers>
{'url': 'https://www.glassesshop.com/eyeglasses/fp1364', 'img_url': 'https://glassesshop-res.cloudinary.com/w_800,h_400,c_pad/products/201808/5b873cb01e9f7.jpg', 'name': 'Evansville - Blue', 'price': '$19.95', 'user-agent': b'Mozilla/5.0 (Windows NT 10.0; Win64; x64) AppleWebKit/537.36 (KHTML, like Gecko) Chrome/68.0.3440.106 Safari/537.36'}
2020-03-02 17:57:14 [scrapy.core.scraper] DEBUG: Scraped from <200 https://www.glassesshop.com/bestsellers>
{'url': 'https://www.glassesshop.com/eyeglasses/fp1762', 'img_url': 'https://glassesshop-res.cloudinary.com/w_800,h_400,c_pad/products/201808/5b7e0ee291eff.jpg', 'name': 'Arlene - Black', 'price': '$24.95', 'user-agent': b'Mozilla/5.0 (Windows NT 10.0; Win64; x64) AppleWebKit/537.36 (KHTML, like Gecko) Chrome/68.0.3440.106 Safari/537.36'}
2020-03-02 17:57:14 [scrapy.core.scraper] DEBUG: Scraped from <200 https://www.glassesshop.com/bestsellers>
{'url': 'https://www.glassesshop.com/eyeglasses/fz1094', 'img_url': 'https://glassesshop-res.cloudinary.com/w_800,h_400,c_pad/products/201811/5bff5bf27139c.jpg', 'name': 'Buckeye - Pink', 'price': '$29.95', 'user-agent': b'Mozilla/5.0 (Windows NT 10.0; Win64; x64) AppleWebKit/537.36 (KHTML, like Gecko) Chrome/68.0.3440.106 Safari/537.36'}
2020-03-02 17:57:14 [scrapy.core.scraper] DEBUG: Scraped from <200 https://www.glassesshop.com/bestsellers>
{'url': 'https://www.glassesshop.com/eyeglasses/fp1663', 'img_url': 'https://glassesshop-res.cloudinary.com/w_800,h_400,c_pad/products/201806/5b10dff95b48f.jpg', 'name': 'Earl - Brown', 'price': '$19.95', 'user-agent': b'Mozilla/5.0 (Windows NT 10.0; Win64; x64) AppleWebKit/537.36 (KHTML, like Gecko) Chrome/68.0.3440.106 Safari/537.36'}
2020-03-02 17:57:14 [scrapy.core.scraper] DEBUG: Scraped from <200 https://www.glassesshop.com/bestsellers>
{'url': 'https://www.glassesshop.com/eyeglasses/fp1699', 'img_url': 'https://glassesshop-res.cloudinary.com/w_800,h_400,c_pad/products/201805/5b03bbbbf1499.jpg', 'name': 'Novia - Tortoise/Yellow', 'price': '$12.95', 'user-agent': b'Mozilla/5.0 (Windows NT 10.0; Win64; x64) AppleWebKit/537.36 (KHTML, like Gecko) Chrome/68.0.3440.106 Safari/537.36'}
2020-03-02 17:57:14 [scrapy.core.scraper] DEBUG: Scraped from <200 https://www.glassesshop.com/bestsellers>
{'url': 'https://www.glassesshop.com/eyeglasses/fp1697', 'img_url': 'https://glassesshop-res.cloudinary.com/w_800,h_400,c_pad/products/201805/5b03beaa13479.jpg', 'name': 'Novia - Black/Crystal', 'price': '$19.95', 'user-agent': b'Mozilla/5.0 (Windows NT 10.0; Win64; x64) AppleWebKit/537.36 (KHTML, like Gecko) Chrome/68.0.3440.106 Safari/537.36'}
2020-03-02 17:57:14 [scrapy.core.scraper] DEBUG: Scraped from <200 https://www.glassesshop.com/bestsellers>
{'url': 'https://www.glassesshop.com/eyeglasses/fp1643', 'img_url': 'https://glassesshop-res.cloudinary.com/w_800,h_400,c_pad/products/201805/5afe7e88af2fc.jpg', 'name': 'Isaiah - Tortoise', 'price': '$19.95', 'user-agent': b'Mozilla/5.0 (Windows NT 10.0; Win64; x64) AppleWebKit/537.36 (KHTML, like Gecko) Chrome/68.0.3440.106 Safari/537.36'}
2020-03-02 17:57:14 [scrapy.core.scraper] DEBUG: Scraped from <200 https://www.glassesshop.com/bestsellers>
{'url': 'https://www.glassesshop.com/eyeglasses/fp1741', 'img_url': 'https://glassesshop-res.cloudinary.com/w_800,h_400,c_pad/products/201807/5b4c4e2ea05f7.jpg', 'name': 'Oswald - Mblack', 'price': '$19.95', 'user-agent': b'Mozilla/5.0 (Windows NT 10.0; Win64; x64) AppleWebKit/537.36 (KHTML, like Gecko) Chrome/68.0.3440.106 Safari/537.36'}
2020-03-02 17:57:14 [scrapy.core.scraper] DEBUG: Scraped from <200 https://www.glassesshop.com/bestsellers>
{'url': 'https://www.glassesshop.com/eyeglasses/fp0481', 'img_url': 'https://glassesshop-res.cloudinary.com/w_800,h_400,c_pad/products/201811/5bff5b8d6a000.jpg', 'name': 'Steven - Black/Crystal', 'price': '\n                                        ', 'user-agent': b'Mozilla/5.0 (Windows NT 10.0; Win64; x64) AppleWebKit/537.36 (KHTML, like Gecko) Chrome/68.0.3440.106 Safari/537.36'}
2020-03-02 17:57:14 [scrapy.core.scraper] DEBUG: Scraped from <200 https://www.glassesshop.com/bestsellers>
{'url': 'https://www.glassesshop.com/eyeglasses/fp1781', 'img_url': 'https://glassesshop-res.cloudinary.com/w_800,h_400,c_pad/products/201812/5c244586d7042.jpg', 'name': 'Hubbard - Purple', 'price': '$19.95', 'user-agent': b'Mozilla/5.0 (Windows NT 10.0; Win64; x64) AppleWebKit/537.36 (KHTML, like Gecko) Chrome/68.0.3440.106 Safari/537.36'}
2020-03-02 17:57:14 [scrapy.core.scraper] DEBUG: Scraped from <200 https://www.glassesshop.com/bestsellers>
{'url': 'https://www.glassesshop.com/eyeglasses/fm1354', 'img_url': 'https://glassesshop-res.cloudinary.com/w_800,h_400,c_pad/products/201812/5c2436744ec7f.jpg', 'name': 'Haywood - Black/Rose Gold', 'price': '$29.95', 'user-agent': b'Mozilla/5.0 (Windows NT 10.0; Win64; x64) AppleWebKit/537.36 (KHTML, like Gecko) Chrome/68.0.3440.106 Safari/537.36'}
2020-03-02 17:57:14 [scrapy.core.scraper] DEBUG: Scraped from <200 https://www.glassesshop.com/bestsellers>
{'url': 'https://www.glassesshop.com/eyeglasses/fp1763', 'img_url': 'https://glassesshop-res.cloudinary.com/w_800,h_400,c_pad/products/201904/5ca2bda91b3a0.jpg', 'name': 'Arlene - Crystal/Tortoise', 'price': '$24.95', 'user-agent': b'Mozilla/5.0 (Windows NT 10.0; Win64; x64) AppleWebKit/537.36 (KHTML, like Gecko) Chrome/68.0.3440.106 Safari/537.36'}
2020-03-02 17:57:14 [scrapy.core.scraper] DEBUG: Scraped from <200 https://www.glassesshop.com/bestsellers>
{'url': 'https://www.glassesshop.com/eyeglasses/fz1279', 'img_url': 'https://glassesshop-res.cloudinary.com/w_800,h_400,c_pad/products/201810/5bbc50f665fff.jpg', 'name': 'Ezekiel - Blue', 'price': '$29.95', 'user-agent': b'Mozilla/5.0 (Windows NT 10.0; Win64; x64) AppleWebKit/537.36 (KHTML, like Gecko) Chrome/68.0.3440.106 Safari/537.36'}
2020-03-02 17:57:14 [scrapy.core.scraper] DEBUG: Scraped from <200 https://www.glassesshop.com/bestsellers>
{'url': 'https://www.glassesshop.com/eyeglasses/fp1737', 'img_url': 'https://glassesshop-res.cloudinary.com/w_800,h_400,c_pad/products/201807/5b4c4e0eb20e4.jpg', 'name': 'Oswald - Crystal', 'price': '$19.95', 'user-agent': b'Mozilla/5.0 (Windows NT 10.0; Win64; x64) AppleWebKit/537.36 (KHTML, like Gecko) Chrome/68.0.3440.106 Safari/537.36'}
2020-03-02 17:57:14 [scrapy.core.scraper] DEBUG: Scraped from <200 https://www.glassesshop.com/bestsellers>
{'url': 'https://www.glassesshop.com/eyeglasses/fp1704', 'img_url': 'https://glassesshop-res.cloudinary.com/w_800,h_400,c_pad/products/201805/5b03bbe0add06.jpg', 'name': 'Heather - Brown', 'price': '$29.95', 'user-agent': b'Mozilla/5.0 (Windows NT 10.0; Win64; x64) AppleWebKit/537.36 (KHTML, like Gecko) Chrome/68.0.3440.106 Safari/537.36'}
2020-03-02 17:57:14 [scrapy.core.scraper] DEBUG: Scraped from <200 https://www.glassesshop.com/bestsellers>
{'url': 'https://www.glassesshop.com/eyeglasses/fp1717', 'img_url': 'https://glassesshop-res.cloudinary.com/w_800,h_400,c_pad/products/201805/5b03bc6e7b94e.jpg', 'name': 'Jean - Red', 'price': '$24.95', 'user-agent': b'Mozilla/5.0 (Windows NT 10.0; Win64; x64) AppleWebKit/537.36 (KHTML, like Gecko) Chrome/68.0.3440.106 Safari/537.36'}
2020-03-02 17:57:14 [scrapy.core.scraper] DEBUG: Scraped from <200 https://www.glassesshop.com/bestsellers>
{'url': 'https://www.glassesshop.com/eyeglasses/fp1774', 'img_url': 'https://glassesshop-res.cloudinary.com/w_800,h_400,c_pad/products/201809/5bac31dd1cca8.jpg', 'name': 'Winchester - Black', 'price': '$19.95', 'user-agent': b'Mozilla/5.0 (Windows NT 10.0; Win64; x64) AppleWebKit/537.36 (KHTML, like Gecko) Chrome/68.0.3440.106 Safari/537.36'}
2020-03-02 17:57:14 [scrapy.core.scraper] DEBUG: Scraped from <200 https://www.glassesshop.com/bestsellers>
{'url': 'https://www.glassesshop.com/eyeglasses/fm1269', 'img_url': 'https://glassesshop-res.cloudinary.com/w_800,h_400,c_pad/products/201807/5b4c4d6c9cb81.jpg', 'name': 'Omar - Black', 'price': '$19.95', 'user-agent': b'Mozilla/5.0 (Windows NT 10.0; Win64; x64) AppleWebKit/537.36 (KHTML, like Gecko) Chrome/68.0.3440.106 Safari/537.36'}
2020-03-02 17:57:14 [scrapy.core.scraper] DEBUG: Scraped from <200 https://www.glassesshop.com/bestsellers>
{'url': 'https://www.glassesshop.com/eyeglasses/fp1718', 'img_url': 'https://glassesshop-res.cloudinary.com/w_800,h_400,c_pad/products/202001/5e23b621cdd27.jpg', 'name': 'Jean - Tortoise', 'price': '$19.95', 'user-agent': b'Mozilla/5.0 (Windows NT 10.0; Win64; x64) AppleWebKit/537.36 (KHTML, like Gecko) Chrome/68.0.3440.106 Safari/537.36'}
2020-03-02 17:57:14 [scrapy.core.scraper] DEBUG: Scraped from <200 https://www.glassesshop.com/bestsellers>
{'url': 'https://www.glassesshop.com/eyeglasses/fp1169', 'img_url': 'https://glassesshop-res.cloudinary.com/w_800,h_400,c_pad/products/201702/58ae78f2551e5.jpg', 'name': 'Coolidge - Crystal/White', 'price': '$29.95', 'user-agent': b'Mozilla/5.0 (Windows NT 10.0; Win64; x64) AppleWebKit/537.36 (KHTML, like Gecko) Chrome/68.0.3440.106 Safari/537.36'}
2020-03-02 17:57:14 [scrapy.core.scraper] DEBUG: Scraped from <200 https://www.glassesshop.com/bestsellers>
{'url': 'https://www.glassesshop.com/eyeglasses/fp1093', 'img_url': 'https://glassesshop-res.cloudinary.com/w_800,h_400,c_pad/products/201703/58dcf69ac876f.jpg', 'name': 'Jersey - Blue', 'price': '$19.95', 'user-agent': b'Mozilla/5.0 (Windows NT 10.0; Win64; x64) AppleWebKit/537.36 (KHTML, like Gecko) Chrome/68.0.3440.106 Safari/537.36'}
2020-03-02 17:57:14 [scrapy.core.scraper] DEBUG: Scraped from <200 https://www.glassesshop.com/bestsellers>
{'url': 'https://www.glassesshop.com/eyeglasses/fp1831', 'img_url': 'https://glassesshop-res.cloudinary.com/w_800,h_400,c_pad/products/201904/5cb69b5102348.jpg', 'name': 'Tacab - Gray', 'price': '$19.95', 'user-agent': b'Mozilla/5.0 (Windows NT 10.0; Win64; x64) AppleWebKit/537.36 (KHTML, like Gecko) Chrome/68.0.3440.106 Safari/537.36'}
2020-03-02 17:57:14 [scrapy.core.scraper] DEBUG: Scraped from <200 https://www.glassesshop.com/bestsellers>
{'url': 'https://www.glassesshop.com/eyeglasses/fp1755', 'img_url': 'https://glassesshop-res.cloudinary.com/w_800,h_400,c_pad/products/201807/5b5fdc1527869.jpg', 'name': 'Nat - Black', 'price': '$19.95', 'user-agent': b'Mozilla/5.0 (Windows NT 10.0; Win64; x64) AppleWebKit/537.36 (KHTML, like Gecko) Chrome/68.0.3440.106 Safari/537.36'}
2020-03-02 17:57:14 [scrapy.core.scraper] DEBUG: Scraped from <200 https://www.glassesshop.com/bestsellers>
{'url': 'https://www.glassesshop.com/eyeglasses/fz1206', 'img_url': 'https://glassesshop-res.cloudinary.com/w_800,h_400,c_pad/products/201807/5b4db881b7d9e.jpg', 'name': 'Roy - Red', 'price': '$34.95', 'user-agent': b'Mozilla/5.0 (Windows NT 10.0; Win64; x64) AppleWebKit/537.36 (KHTML, like Gecko) Chrome/68.0.3440.106 Safari/537.36'}
2020-03-02 17:57:14 [scrapy.core.scraper] DEBUG: Scraped from <200 https://www.glassesshop.com/bestsellers>
{'url': 'https://www.glassesshop.com/eyeglasses/fm1350', 'img_url': 'https://glassesshop-res.cloudinary.com/w_800,h_400,c_pad/products/201812/5c24367442e3f.jpg', 'name': 'Hawthorn - Gunmetal', 'price': '$29.95', 'user-agent': b'Mozilla/5.0 (Windows NT 10.0; Win64; x64) AppleWebKit/537.36 (KHTML, like Gecko) Chrome/68.0.3440.106 Safari/537.36'}
2020-03-02 17:57:14 [scrapy.core.scraper] DEBUG: Scraped from <200 https://www.glassesshop.com/bestsellers>
{'url': 'https://www.glassesshop.com/eyeglasses/fp1457', 'img_url': 'https://glassesshop-res.cloudinary.com/w_800,h_400,c_pad/products/201711/59fd65025f7ef.jpg', 'name': 'Zoe - Purple', 'price': '$19.95', 'user-agent': b'Mozilla/5.0 (Windows NT 10.0; Win64; x64) AppleWebKit/537.36 (KHTML, like Gecko) Chrome/68.0.3440.106 Safari/537.36'}
2020-03-02 17:57:14 [scrapy.core.scraper] DEBUG: Scraped from <200 https://www.glassesshop.com/bestsellers>
{'url': 'https://www.glassesshop.com/eyeglasses/fp1771', 'img_url': 'https://glassesshop-res.cloudinary.com/w_800,h_400,c_pad/products/201809/5bac31dd1506f.jpg', 'name': 'Winchester - MBlack', 'price': '$19.95', 'user-agent': b'Mozilla/5.0 (Windows NT 10.0; Win64; x64) AppleWebKit/537.36 (KHTML, like Gecko) Chrome/68.0.3440.106 Safari/537.36'}
2020-03-02 17:57:14 [scrapy.core.scraper] DEBUG: Scraped from <200 https://www.glassesshop.com/bestsellers>
{'url': 'https://www.glassesshop.com/eyeglasses/fp1828', 'img_url': 'https://glassesshop-res.cloudinary.com/w_800,h_400,c_pad/products/201904/5cb69b42234af.jpg', 'name': 'Averies - Pink', 'price': '$19.95', 'user-agent': b'Mozilla/5.0 (Windows NT 10.0; Win64; x64) AppleWebKit/537.36 (KHTML, like Gecko) Chrome/68.0.3440.106 Safari/537.36'}
2020-03-02 17:57:14 [scrapy.core.scraper] DEBUG: Scraped from <200 https://www.glassesshop.com/bestsellers>
{'url': 'https://www.glassesshop.com/eyeglasses/fp1764', 'img_url': 'https://glassesshop-res.cloudinary.com/w_800,h_400,c_pad/products/201808/5b7e0ee2975f3.jpg', 'name': 'Arlene - Purple', 'price': '$24.95', 'user-agent': b'Mozilla/5.0 (Windows NT 10.0; Win64; x64) AppleWebKit/537.36 (KHTML, like Gecko) Chrome/68.0.3440.106 Safari/537.36'}
2020-03-02 17:57:14 [scrapy.core.scraper] DEBUG: Scraped from <200 https://www.glassesshop.com/bestsellers>
{'url': 'https://www.glassesshop.com/eyeglasses/fz1158', 'img_url': 'https://glassesshop-res.cloudinary.com/w_800,h_400,c_pad/products/201805/5b0fae276f84e.jpg', 'name': 'Enoch - Black', 'price': '$29.95', 'user-agent': b'Mozilla/5.0 (Windows NT 10.0; Win64; x64) AppleWebKit/537.36 (KHTML, like Gecko) Chrome/68.0.3440.106 Safari/537.36'}
2020-03-02 17:57:14 [scrapy.core.scraper] DEBUG: Scraped from <200 https://www.glassesshop.com/bestsellers>
{'url': 'https://www.glassesshop.com/eyeglasses/fp1112', 'img_url': 'https://glassesshop-res.cloudinary.com/w_800,h_400,c_pad/products/201710/59e55c87434bb.jpg', 'name': 'Hyannis - Tortoise', 'price': '$29.95', 'user-agent': b'Mozilla/5.0 (Windows NT 10.0; Win64; x64) AppleWebKit/537.36 (KHTML, like Gecko) Chrome/68.0.3440.106 Safari/537.36'}
2020-03-02 17:57:14 [scrapy.core.scraper] DEBUG: Scraped from <200 https://www.glassesshop.com/bestsellers>
{'url': 'https://www.glassesshop.com/eyeglasses/fp1646', 'img_url': 'https://glassesshop-res.cloudinary.com/w_800,h_400,c_pad/products/201805/5afe7ea43b647.jpg', 'name': 'Angel  Wayframe - Black', 'price': '$19.95', 'user-agent': b'Mozilla/5.0 (Windows NT 10.0; Win64; x64) AppleWebKit/537.36 (KHTML, like Gecko) Chrome/68.0.3440.106 Safari/537.36'}
2020-03-02 17:57:14 [scrapy.core.scraper] DEBUG: Scraped from <200 https://www.glassesshop.com/bestsellers>
{'url': 'https://www.glassesshop.com/eyeglasses/fp0611', 'img_url': 'https://glassesshop-res.cloudinary.com/w_800,h_400,c_pad/products/201703/58dcb60839138.jpg', 'name': 'Sudbury - Black', 'price': '\n                                        ', 'user-agent': b'Mozilla/5.0 (Windows NT 10.0; Win64; x64) AppleWebKit/537.36 (KHTML, like Gecko) Chrome/68.0.3440.106 Safari/537.36'}
2020-03-02 17:57:14 [scrapy.core.scraper] DEBUG: Scraped from <200 https://www.glassesshop.com/bestsellers>
{'url': 'https://www.glassesshop.com/eyeglasses/fz1087', 'img_url': 'https://glassesshop-res.cloudinary.com/w_800,h_400,c_pad/products/201710/59e01c443bff6.jpg', 'name': 'Mandy - Tortoise/Pink', 'price': '$29.95', 'user-agent': b'Mozilla/5.0 (Windows NT 10.0; Win64; x64) AppleWebKit/537.36 (KHTML, like Gecko) Chrome/68.0.3440.106 Safari/537.36'}
2020-03-02 17:57:14 [scrapy.core.scraper] DEBUG: Scraped from <200 https://www.glassesshop.com/bestsellers>
{'url': 'https://www.glassesshop.com/eyeglasses/fm1349', 'img_url': 'https://glassesshop-res.cloudinary.com/w_800,h_400,c_pad/products/201812/5c2436744043a.jpg', 'name': 'Hawthorn - Black', 'price': '$29.95', 'user-agent': b'Mozilla/5.0 (Windows NT 10.0; Win64; x64) AppleWebKit/537.36 (KHTML, like Gecko) Chrome/68.0.3440.106 Safari/537.36'}
2020-03-02 17:57:14 [scrapy.core.scraper] DEBUG: Scraped from <200 https://www.glassesshop.com/bestsellers>
{'url': 'https://www.glassesshop.com/eyeglasses/fz1278', 'img_url': 'https://glassesshop-res.cloudinary.com/w_800,h_400,c_pad/products/201810/5bbc50f66304b.jpg', 'name': 'Ezekiel - Burgundy', 'price': '$29.95', 'user-agent': b'Mozilla/5.0 (Windows NT 10.0; Win64; x64) AppleWebKit/537.36 (KHTML, like Gecko) Chrome/68.0.3440.106 Safari/537.36'}
2020-03-02 17:57:14 [scrapy.core.scraper] DEBUG: Scraped from <200 https://www.glassesshop.com/bestsellers>
{'url': 'https://www.glassesshop.com/eyeglasses/fp1560', 'img_url': 'https://glassesshop-res.cloudinary.com/w_800,h_400,c_pad/products/201801/5a6581ecbd7f1.jpg', 'name': 'Buffalo - Black', 'price': '$24.95', 'user-agent': b'Mozilla/5.0 (Windows NT 10.0; Win64; x64) AppleWebKit/537.36 (KHTML, like Gecko) Chrome/68.0.3440.106 Safari/537.36'}
2020-03-02 17:57:14 [scrapy.core.scraper] DEBUG: Scraped from <200 https://www.glassesshop.com/bestsellers>
{'url': 'https://www.glassesshop.com/eyeglasses/fz1207', 'img_url': 'https://glassesshop-res.cloudinary.com/w_800,h_400,c_pad/products/201807/5b4c5f5d54841.jpg', 'name': 'Pete - Tortoise', 'price': '$29.95', 'user-agent': b'Mozilla/5.0 (Windows NT 10.0; Win64; x64) AppleWebKit/537.36 (KHTML, like Gecko) Chrome/68.0.3440.106 Safari/537.36'}
2020-03-02 17:57:14 [scrapy.core.scraper] DEBUG: Scraped from <200 https://www.glassesshop.com/bestsellers>
{'url': 'https://www.glassesshop.com/eyeglasses/fz1249', 'img_url': 'https://glassesshop-res.cloudinary.com/w_800,h_400,c_pad/products/201810/5bbc4f0f32bee.jpg', 'name': 'Vivian - Black', 'price': '$29.95', 'user-agent': b'Mozilla/5.0 (Windows NT 10.0; Win64; x64) AppleWebKit/537.36 (KHTML, like Gecko) Chrome/68.0.3440.106 Safari/537.36'}
2020-03-02 17:57:14 [scrapy.core.scraper] DEBUG: Scraped from <200 https://www.glassesshop.com/bestsellers>
{'url': 'https://www.glassesshop.com/eyeglasses/fp1168', 'img_url': 'https://glassesshop-res.cloudinary.com/w_800,h_400,c_pad/products/201702/58ae78f252584.jpg', 'name': 'Coolidge - Black', 'price': '$29.95', 'user-agent': b'Mozilla/5.0 (Windows NT 10.0; Win64; x64) AppleWebKit/537.36 (KHTML, like Gecko) Chrome/68.0.3440.106 Safari/537.36'}
2020-03-02 17:57:14 [scrapy.core.scraper] DEBUG: Scraped from <200 https://www.glassesshop.com/bestsellers>
{'url': 'https://www.glassesshop.com/eyeglasses/fp1280', 'img_url': 'https://glassesshop-res.cloudinary.com/w_800,h_400,c_pad/products/201701/587f15a445f13.jpg', 'name': 'Wood - Black', 'price': '$29.95', 'user-agent': b'Mozilla/5.0 (Windows NT 10.0; Win64; x64) AppleWebKit/537.36 (KHTML, like Gecko) Chrome/68.0.3440.106 Safari/537.36'}
2020-03-02 17:57:14 [scrapy.core.scraper] DEBUG: Scraped from <200 https://www.glassesshop.com/bestsellers>
{'url': 'https://www.glassesshop.com/eyeglasses/fp1765', 'img_url': 'https://glassesshop-res.cloudinary.com/w_800,h_400,c_pad/products/201808/5b7e0ee299d9f.jpg', 'name': 'Audrey - Black', 'price': '$24.95', 'user-agent': b'Mozilla/5.0 (Windows NT 10.0; Win64; x64) AppleWebKit/537.36 (KHTML, like Gecko) Chrome/68.0.3440.106 Safari/537.36'}
2020-03-02 17:57:14 [scrapy.core.scraper] DEBUG: Scraped from <200 https://www.glassesshop.com/bestsellers>
{'url': 'https://www.glassesshop.com/eyeglasses/fp1642', 'img_url': 'https://glassesshop-res.cloudinary.com/w_800,h_400,c_pad/products/201910/5db26823a6070.jpg', 'name': 'Isaiah - Blue', 'price': '$19.95', 'user-agent': b'Mozilla/5.0 (Windows NT 10.0; Win64; x64) AppleWebKit/537.36 (KHTML, like Gecko) Chrome/68.0.3440.106 Safari/537.36'}
2020-03-02 17:57:16 [scrapy.core.engine] DEBUG: Crawled (200) <GET https://www.glassesshop.com/bestsellers?page=2> (referer: https://www.glassesshop.com/bestsellers)
2020-03-02 17:57:16 [scrapy.core.scraper] DEBUG: Scraped from <200 https://www.glassesshop.com/bestsellers?page=2>
{'url': 'https://www.glassesshop.com/eyeglasses/fp1111', 'img_url': 'https://glassesshop-res.cloudinary.com/w_800,h_400,c_pad/products/201708/5983fe6c817c5.jpg', 'name': 'Hyannis - Blue', 'price': '$29.95', 'user-agent': b'Mozilla/5.0 (Windows NT 10.0; Win64; x64) AppleWebKit/537.36 (KHTML, like Gecko) Chrome/68.0.3440.106 Safari/537.36'}
2020-03-02 17:57:16 [scrapy.core.scraper] DEBUG: Scraped from <200 https://www.glassesshop.com/bestsellers?page=2>
{'url': 'https://www.glassesshop.com/eyeglasses/sm0876', 'img_url': 'https://glassesshop-res.cloudinary.com/w_800,h_400,c_pad/products/201812/5c24368513a4f.jpg', 'name': 'Horatio - Gunmetal', 'price': '$19.95', 'user-agent': b'Mozilla/5.0 (Windows NT 10.0; Win64; x64) AppleWebKit/537.36 (KHTML, like Gecko) Chrome/68.0.3440.106 Safari/537.36'}
2020-03-02 17:57:16 [scrapy.core.scraper] DEBUG: Scraped from <200 https://www.glassesshop.com/bestsellers?page=2>
{'url': 'https://www.glassesshop.com/eyeglasses/sup0622', 'img_url': 'https://glassesshop-res.cloudinary.com/w_800,h_400,c_pad/products/201904/5cb69b5e59b5c.jpg', 'name': 'Wilker - Black', 'price': '$29.95', 'user-agent': b'Mozilla/5.0 (Windows NT 10.0; Win64; x64) AppleWebKit/537.36 (KHTML, like Gecko) Chrome/68.0.3440.106 Safari/537.36'}
2020-03-02 17:57:16 [scrapy.core.scraper] DEBUG: Scraped from <200 https://www.glassesshop.com/bestsellers?page=2>
{'url': 'https://www.glassesshop.com/eyeglasses/fp1743', 'img_url': 'https://glassesshop-res.cloudinary.com/w_800,h_400,c_pad/products/201807/5b4c4e3e1db37.jpg', 'name': 'Otis - Tortoise', 'price': '$19.95', 'user-agent': b'Mozilla/5.0 (Windows NT 10.0; Win64; x64) AppleWebKit/537.36 (KHTML, like Gecko) Chrome/68.0.3440.106 Safari/537.36'}
2020-03-02 17:57:16 [scrapy.core.scraper] DEBUG: Scraped from <200 https://www.glassesshop.com/bestsellers?page=2>
{'url': 'https://www.glassesshop.com/eyeglasses/fp1773', 'img_url': 'https://glassesshop-res.cloudinary.com/w_800,h_400,c_pad/products/201809/5bac31dd1a36c.jpg', 'name': 'Winchester - Blue', 'price': '$19.95', 'user-agent': b'Mozilla/5.0 (Windows NT 10.0; Win64; x64) AppleWebKit/537.36 (KHTML, like Gecko) Chrome/68.0.3440.106 Safari/537.36'}
2020-03-02 17:57:16 [scrapy.core.scraper] DEBUG: Scraped from <200 https://www.glassesshop.com/bestsellers?page=2>
{'url': 'https://www.glassesshop.com/eyeglasses/fp1615', 'img_url': 'https://glassesshop-res.cloudinary.com/w_800,h_400,c_pad/products/201805/5afe7cfbc9f87.jpg', 'name': 'Agnes - Purple', 'price': '$19.95', 'user-agent': b'Mozilla/5.0 (Windows NT 10.0; Win64; x64) AppleWebKit/537.36 (KHTML, like Gecko) Chrome/68.0.3440.106 Safari/537.36'}
2020-03-02 17:57:16 [scrapy.core.scraper] DEBUG: Scraped from <200 https://www.glassesshop.com/bestsellers?page=2>
{'url': 'https://www.glassesshop.com/eyeglasses/fp1665', 'img_url': 'https://glassesshop-res.cloudinary.com/w_800,h_400,c_pad/products/201806/5b10e008e975d.jpg', 'name': 'Edwiin - Black', 'price': '$19.95', 'user-agent': b'Mozilla/5.0 (Windows NT 10.0; Win64; x64) AppleWebKit/537.36 (KHTML, like Gecko) Chrome/68.0.3440.106 Safari/537.36'}
2020-03-02 17:57:16 [scrapy.core.scraper] DEBUG: Scraped from <200 https://www.glassesshop.com/bestsellers?page=2>
{'url': 'https://www.glassesshop.com/eyeglasses/fp1694', 'img_url': 'https://glassesshop-res.cloudinary.com/w_800,h_400,c_pad/products/201805/5b03be967b506.jpg', 'name': 'Lexingto - Clear Pattern', 'price': '$19.95', 'user-agent': b'Mozilla/5.0 (Windows NT 10.0; Win64; x64) AppleWebKit/537.36 (KHTML, like Gecko) Chrome/68.0.3440.106 Safari/537.36'}
2020-03-02 17:57:16 [scrapy.core.scraper] DEBUG: Scraped from <200 https://www.glassesshop.com/bestsellers?page=2>
{'url': 'https://www.glassesshop.com/eyeglasses/sm0853', 'img_url': 'https://glassesshop-res.cloudinary.com/w_800,h_400,c_pad/products/201807/5b4eeb6190433.jpg', 'name': 'Rupert - Gunmetal', 'price': '$39.95', 'user-agent': b'Mozilla/5.0 (Windows NT 10.0; Win64; x64) AppleWebKit/537.36 (KHTML, like Gecko) Chrome/68.0.3440.106 Safari/537.36'}
2020-03-02 17:57:16 [scrapy.core.scraper] DEBUG: Scraped from <200 https://www.glassesshop.com/bestsellers?page=2>
{'url': 'https://www.glassesshop.com/eyeglasses/fp1232', 'img_url': 'https://glassesshop-res.cloudinary.com/w_800,h_400,c_pad/products/201611/58252d0bc746b.jpg', 'name': 'Trenton - Brown', 'price': '$19.95', 'user-agent': b'Mozilla/5.0 (Windows NT 10.0; Win64; x64) AppleWebKit/537.36 (KHTML, like Gecko) Chrome/68.0.3440.106 Safari/537.36'}
2020-03-02 17:57:16 [scrapy.core.scraper] DEBUG: Scraped from <200 https://www.glassesshop.com/bestsellers?page=2>
{'url': 'https://www.glassesshop.com/eyeglasses/fp1841', 'img_url': 'https://glassesshop-res.cloudinary.com/w_800,h_400,c_pad/products/201904/5cb69b512d7b0.jpg', 'name': 'Buttler - Black', 'price': '$19.95', 'user-agent': b'Mozilla/5.0 (Windows NT 10.0; Win64; x64) AppleWebKit/537.36 (KHTML, like Gecko) Chrome/68.0.3440.106 Safari/537.36'}
2020-03-02 17:57:16 [scrapy.core.scraper] DEBUG: Scraped from <200 https://www.glassesshop.com/bestsellers?page=2>
{'url': 'https://www.glassesshop.com/eyeglasses/fm1352', 'img_url': 'https://glassesshop-res.cloudinary.com/w_800,h_400,c_pad/products/201812/5c243674485c6.jpg', 'name': 'Haywood - Gunmetal', 'price': '$29.95', 'user-agent': b'Mozilla/5.0 (Windows NT 10.0; Win64; x64) AppleWebKit/537.36 (KHTML, like Gecko) Chrome/68.0.3440.106 Safari/537.36'}
2020-03-02 17:57:16 [scrapy.core.scraper] DEBUG: Scraped from <200 https://www.glassesshop.com/bestsellers?page=2>
{'url': 'https://www.glassesshop.com/eyeglasses/fz1159', 'img_url': 'https://glassesshop-res.cloudinary.com/w_800,h_400,c_pad/products/201805/5b0fae2e711fc.jpg', 'name': 'Enoch - Purple', 'price': '$29.95', 'user-agent': b'Mozilla/5.0 (Windows NT 10.0; Win64; x64) AppleWebKit/537.36 (KHTML, like Gecko) Chrome/68.0.3440.106 Safari/537.36'}
2020-03-02 17:57:16 [scrapy.core.scraper] DEBUG: Scraped from <200 https://www.glassesshop.com/bestsellers?page=2>
{'url': 'https://www.glassesshop.com/eyeglasses/sup0617', 'img_url': 'https://glassesshop-res.cloudinary.com/w_800,h_400,c_pad/products/201903/5c99cd82e1c12.jpg', 'name': 'GrandRapids - Matte Black', 'price': '$29.95', 'user-agent': b'Mozilla/5.0 (Windows NT 10.0; Win64; x64) AppleWebKit/537.36 (KHTML, like Gecko) Chrome/68.0.3440.106 Safari/537.36'}
2020-03-02 17:57:16 [scrapy.core.scraper] DEBUG: Scraped from <200 https://www.glassesshop.com/bestsellers?page=2>
{'url': 'https://www.glassesshop.com/eyeglasses/fz1276', 'img_url': 'https://glassesshop-res.cloudinary.com/w_800,h_400,c_pad/products/201810/5bbc50f65d9e5.jpg', 'name': 'Gill - Floral', 'price': '$29.95', 'user-agent': b'Mozilla/5.0 (Windows NT 10.0; Win64; x64) AppleWebKit/537.36 (KHTML, like Gecko) Chrome/68.0.3440.106 Safari/537.36'}
2020-03-02 17:57:16 [scrapy.core.scraper] DEBUG: Scraped from <200 https://www.glassesshop.com/bestsellers?page=2>
{'url': 'https://www.glassesshop.com/eyeglasses/fz1265', 'img_url': 'https://glassesshop-res.cloudinary.com/w_800,h_400,c_pad/products/201810/5bbc5085221a1.jpg', 'name': 'Evelyn - Black', 'price': '$29.95', 'user-agent': b'Mozilla/5.0 (Windows NT 10.0; Win64; x64) AppleWebKit/537.36 (KHTML, like Gecko) Chrome/68.0.3440.106 Safari/537.36'}
2020-03-02 17:57:16 [scrapy.core.scraper] DEBUG: Scraped from <200 https://www.glassesshop.com/bestsellers?page=2>
{'url': 'https://www.glassesshop.com/eyeglasses/fm1387', 'img_url': 'https://glassesshop-res.cloudinary.com/w_800,h_400,c_pad/products/201906/5d031896311f6.jpg', 'name': 'Celia - Rose Gold', 'price': '$19.95', 'user-agent': b'Mozilla/5.0 (Windows NT 10.0; Win64; x64) AppleWebKit/537.36 (KHTML, like Gecko) Chrome/68.0.3440.106 Safari/537.36'}
2020-03-02 17:57:16 [scrapy.core.scraper] DEBUG: Scraped from <200 https://www.glassesshop.com/bestsellers?page=2>
{'url': 'https://www.glassesshop.com/eyeglasses/fm1385', 'img_url': 'https://glassesshop-res.cloudinary.com/w_800,h_400,c_pad/products/201906/5d031896295ff.jpg', 'name': 'Celestia - Black/Golden', 'price': '$19.95', 'user-agent': b'Mozilla/5.0 (Windows NT 10.0; Win64; x64) AppleWebKit/537.36 (KHTML, like Gecko) Chrome/68.0.3440.106 Safari/537.36'}
2020-03-02 17:57:16 [scrapy.core.scraper] DEBUG: Scraped from <200 https://www.glassesshop.com/bestsellers?page=2>
{'url': 'https://www.glassesshop.com/eyeglasses/fz1262', 'img_url': 'https://glassesshop-res.cloudinary.com/w_800,h_400,c_pad/products/201810/5bbc50851716e.jpg', 'name': 'Evangeline - Crystal', 'price': '$29.95', 'user-agent': b'Mozilla/5.0 (Windows NT 10.0; Win64; x64) AppleWebKit/537.36 (KHTML, like Gecko) Chrome/68.0.3440.106 Safari/537.36'}
2020-03-02 17:57:16 [scrapy.core.scraper] DEBUG: Scraped from <200 https://www.glassesshop.com/bestsellers?page=2>
{'url': 'https://www.glassesshop.com/eyeglasses/fz0781', 'img_url': 'https://glassesshop-res.cloudinary.com/w_800,h_400,c_pad/products/201811/5bff5bf26bea7.jpg', 'name': 'Horace - Black', 'price': '$29.95', 'user-agent': b'Mozilla/5.0 (Windows NT 10.0; Win64; x64) AppleWebKit/537.36 (KHTML, like Gecko) Chrome/68.0.3440.106 Safari/537.36'}
2020-03-02 17:57:16 [scrapy.core.scraper] DEBUG: Scraped from <200 https://www.glassesshop.com/bestsellers?page=2>
{'url': 'https://www.glassesshop.com/eyeglasses/fz1089', 'img_url': 'https://glassesshop-res.cloudinary.com/w_800,h_400,c_pad/products/201710/59e01c51ef38a.jpg', 'name': 'Mandy - Tortoise', 'price': '$29.95', 'user-agent': b'Mozilla/5.0 (Windows NT 10.0; Win64; x64) AppleWebKit/537.36 (KHTML, like Gecko) Chrome/68.0.3440.106 Safari/537.36'}
2020-03-02 17:57:16 [scrapy.core.scraper] DEBUG: Scraped from <200 https://www.glassesshop.com/bestsellers?page=2>
{'url': 'https://www.glassesshop.com/eyeglasses/fp1566', 'img_url': 'https://glassesshop-res.cloudinary.com/w_800,h_400,c_pad/products/201803/5ab495953edf7.jpg', 'name': 'Cooksville - Red', 'price': '$24.95', 'user-agent': b'Mozilla/5.0 (Windows NT 10.0; Win64; x64) AppleWebKit/537.36 (KHTML, like Gecko) Chrome/68.0.3440.106 Safari/537.36'}
2020-03-02 17:57:16 [scrapy.core.scraper] DEBUG: Scraped from <200 https://www.glassesshop.com/bestsellers?page=2>
{'url': 'https://www.glassesshop.com/eyeglasses/sm0787', 'img_url': 'https://glassesshop-res.cloudinary.com/w_800,h_400,c_pad/products/201811/5bff5bf283882.jpg', 'name': 'Darcy - Black', 'price': '$19.95', 'user-agent': b'Mozilla/5.0 (Windows NT 10.0; Win64; x64) AppleWebKit/537.36 (KHTML, like Gecko) Chrome/68.0.3440.106 Safari/537.36'}
2020-03-02 17:57:16 [scrapy.core.scraper] DEBUG: Scraped from <200 https://www.glassesshop.com/bestsellers?page=2>
{'url': 'https://www.glassesshop.com/eyeglasses/fz1290', 'img_url': 'https://glassesshop-res.cloudinary.com/w_800,h_400,c_pad/products/201812/5c243684d6f9d.jpg', 'name': 'Hood - Tortoise', 'price': '$34.95', 'user-agent': b'Mozilla/5.0 (Windows NT 10.0; Win64; x64) AppleWebKit/537.36 (KHTML, like Gecko) Chrome/68.0.3440.106 Safari/537.36'}
2020-03-02 17:57:16 [scrapy.core.scraper] DEBUG: Scraped from <200 https://www.glassesshop.com/bestsellers?page=2>
{'url': 'https://www.glassesshop.com/eyeglasses/rm0247', 'img_url': 'https://glassesshop-res.cloudinary.com/w_800,h_400,c_pad/products/201703/58c7556ccda85.jpg', 'name': 'Terre - Golden', 'price': '$32.95', 'user-agent': b'Mozilla/5.0 (Windows NT 10.0; Win64; x64) AppleWebKit/537.36 (KHTML, like Gecko) Chrome/68.0.3440.106 Safari/537.36'}
2020-03-02 17:57:16 [scrapy.core.scraper] DEBUG: Scraped from <200 https://www.glassesshop.com/bestsellers?page=2>
{'url': 'https://www.glassesshop.com/eyeglasses/fp1720', 'img_url': 'https://glassesshop-res.cloudinary.com/w_800,h_400,c_pad/products/201807/5b3dcfbc52782.jpg', 'name': 'Olga - Black', 'price': '$34.95', 'user-agent': b'Mozilla/5.0 (Windows NT 10.0; Win64; x64) AppleWebKit/537.36 (KHTML, like Gecko) Chrome/68.0.3440.106 Safari/537.36'}
2020-03-02 17:57:16 [scrapy.core.scraper] DEBUG: Scraped from <200 https://www.glassesshop.com/bestsellers?page=2>
{'url': 'https://www.glassesshop.com/eyeglasses/fp1362', 'img_url': 'https://glassesshop-res.cloudinary.com/w_800,h_400,c_pad/products/201903/5c8721b66cc5a.jpg', 'name': 'Evansville - Tortoise', 'price': '$19.95', 'user-agent': b'Mozilla/5.0 (Windows NT 10.0; Win64; x64) AppleWebKit/537.36 (KHTML, like Gecko) Chrome/68.0.3440.106 Safari/537.36'}
2020-03-02 17:57:16 [scrapy.core.scraper] DEBUG: Scraped from <200 https://www.glassesshop.com/bestsellers?page=2>
{'url': 'https://www.glassesshop.com/eyeglasses/fp1834', 'img_url': 'https://glassesshop-res.cloudinary.com/w_800,h_400,c_pad/products/201904/5cb69b510ef0c.jpg', 'name': 'Tacab - Purple', 'price': '$19.95', 'user-agent': b'Mozilla/5.0 (Windows NT 10.0; Win64; x64) AppleWebKit/537.36 (KHTML, like Gecko) Chrome/68.0.3440.106 Safari/537.36'}
2020-03-02 17:57:16 [scrapy.core.scraper] DEBUG: Scraped from <200 https://www.glassesshop.com/bestsellers?page=2>
{'url': 'https://www.glassesshop.com/eyeglasses/sm0873', 'img_url': 'https://glassesshop-res.cloudinary.com/w_800,h_400,c_pad/products/201812/5c2436850b4ce.jpg', 'name': 'Hoyle - Green', 'price': '$19.95', 'user-agent': b'Mozilla/5.0 (Windows NT 10.0; Win64; x64) AppleWebKit/537.36 (KHTML, like Gecko) Chrome/68.0.3440.106 Safari/537.36'}
2020-03-02 17:57:16 [scrapy.core.scraper] DEBUG: Scraped from <200 https://www.glassesshop.com/bestsellers?page=2>
{'url': 'https://www.glassesshop.com/eyeglasses/fp1804', 'img_url': 'https://glassesshop-res.cloudinary.com/w_800,h_400,c_pad/products/201903/5c99cd4244575.jpg', 'name': 'Watertown - Brown', 'price': '$19.95', 'user-agent': b'Mozilla/5.0 (Windows NT 10.0; Win64; x64) AppleWebKit/537.36 (KHTML, like Gecko) Chrome/68.0.3440.106 Safari/537.36'}
2020-03-02 17:57:16 [scrapy.core.scraper] DEBUG: Scraped from <200 https://www.glassesshop.com/bestsellers?page=2>
{'url': 'https://www.glassesshop.com/eyeglasses/fz0983', 'img_url': 'https://glassesshop-res.cloudinary.com/w_800,h_400,c_pad/products/201808/5b873cb02e60f.jpg', 'name': 'Miami - Crystal', 'price': '$29.95', 'user-agent': b'Mozilla/5.0 (Windows NT 10.0; Win64; x64) AppleWebKit/537.36 (KHTML, like Gecko) Chrome/68.0.3440.106 Safari/537.36'}
2020-03-02 17:57:16 [scrapy.core.scraper] DEBUG: Scraped from <200 https://www.glassesshop.com/bestsellers?page=2>
{'url': 'https://www.glassesshop.com/eyeglasses/fp1062', 'img_url': 'https://glassesshop-res.cloudinary.com/w_800,h_400,c_pad/products/201703/58bcc705861f8.jpg', 'name': 'Lina - Green', 'price': '$29.95', 'user-agent': b'Mozilla/5.0 (Windows NT 10.0; Win64; x64) AppleWebKit/537.36 (KHTML, like Gecko) Chrome/68.0.3440.106 Safari/537.36'}
2020-03-02 17:57:16 [scrapy.core.scraper] DEBUG: Scraped from <200 https://www.glassesshop.com/bestsellers?page=2>
{'url': 'https://www.glassesshop.com/eyeglasses/fp1830', 'img_url': 'https://glassesshop-res.cloudinary.com/w_800,h_400,c_pad/products/201904/5cb69b4231106.jpg', 'name': 'Averies - Mblack', 'price': '$19.95', 'user-agent': b'Mozilla/5.0 (Windows NT 10.0; Win64; x64) AppleWebKit/537.36 (KHTML, like Gecko) Chrome/68.0.3440.106 Safari/537.36'}
2020-03-02 17:57:16 [scrapy.core.scraper] DEBUG: Scraped from <200 https://www.glassesshop.com/bestsellers?page=2>
{'url': 'https://www.glassesshop.com/eyeglasses/fp1724', 'img_url': 'https://glassesshop-res.cloudinary.com/w_800,h_400,c_pad/products/201807/5b3dcfdb8dcd4.jpg', 'name': 'Felix - Black', 'price': '\n                                        ', 'user-agent': b'Mozilla/5.0 (Windows NT 10.0; Win64; x64) AppleWebKit/537.36 (KHTML, like Gecko) Chrome/68.0.3440.106 Safari/537.36'}
2020-03-02 17:57:16 [scrapy.core.scraper] DEBUG: Scraped from <200 https://www.glassesshop.com/bestsellers?page=2>
{'url': 'https://www.glassesshop.com/eyeglasses/fp1647', 'img_url': 'https://glassesshop-res.cloudinary.com/w_800,h_400,c_pad/products/201805/5afe7eacbb789.jpg', 'name': 'Angel  Wayframe - Brown', 'price': '$19.95', 'user-agent': b'Mozilla/5.0 (Windows NT 10.0; Win64; x64) AppleWebKit/537.36 (KHTML, like Gecko) Chrome/68.0.3440.106 Safari/537.36'}
2020-03-02 17:57:16 [scrapy.core.scraper] DEBUG: Scraped from <200 https://www.glassesshop.com/bestsellers?page=2>
{'url': 'https://www.glassesshop.com/eyeglasses/fp1666', 'img_url': 'https://glassesshop-res.cloudinary.com/w_800,h_400,c_pad/products/201806/5b10e01166a9d.jpg', 'name': 'Edwiin - Blue/Crystal', 'price': '$19.95', 'user-agent': b'Mozilla/5.0 (Windows NT 10.0; Win64; x64) AppleWebKit/537.36 (KHTML, like Gecko) Chrome/68.0.3440.106 Safari/537.36'}
2020-03-02 17:57:16 [scrapy.core.scraper] DEBUG: Scraped from <200 https://www.glassesshop.com/bestsellers?page=2>
{'url': 'https://www.glassesshop.com/eyeglasses/fp1444', 'img_url': 'https://glassesshop-res.cloudinary.com/w_800,h_400,c_pad/products/201804/5ae43ded23161.jpg', 'name': 'Norwalk - Gray', 'price': '$19.95', 'user-agent': b'Mozilla/5.0 (Windows NT 10.0; Win64; x64) AppleWebKit/537.36 (KHTML, like Gecko) Chrome/68.0.3440.106 Safari/537.36'}
2020-03-02 17:57:16 [scrapy.core.scraper] DEBUG: Scraped from <200 https://www.glassesshop.com/bestsellers?page=2>
{'url': 'https://www.glassesshop.com/eyeglasses/fp1094', 'img_url': 'https://glassesshop-res.cloudinary.com/w_800,h_400,c_pad/products/201703/58c754bfb14d5.jpg', 'name': 'Jersey - Red', 'price': '$19.95', 'user-agent': b'Mozilla/5.0 (Windows NT 10.0; Win64; x64) AppleWebKit/537.36 (KHTML, like Gecko) Chrome/68.0.3440.106 Safari/537.36'}
2020-03-02 17:57:16 [scrapy.core.scraper] DEBUG: Scraped from <200 https://www.glassesshop.com/bestsellers?page=2>
{'url': 'https://www.glassesshop.com/eyeglasses/fm1383', 'img_url': 'https://glassesshop-res.cloudinary.com/w_800,h_400,c_pad/products/201906/5cff0f5a59b35.jpg', 'name': 'Rochester - Black', 'price': '$29.95', 'user-agent': b'Mozilla/5.0 (Windows NT 10.0; Win64; x64) AppleWebKit/537.36 (KHTML, like Gecko) Chrome/68.0.3440.106 Safari/537.36'}
2020-03-02 17:57:16 [scrapy.core.scraper] DEBUG: Scraped from <200 https://www.glassesshop.com/bestsellers?page=2>
{'url': 'https://www.glassesshop.com/eyeglasses/fp1829', 'img_url': 'https://glassesshop-res.cloudinary.com/w_800,h_400,c_pad/products/201904/5cb69b422b034.jpg', 'name': 'Averies - Blue', 'price': '$19.95', 'user-agent': b'Mozilla/5.0 (Windows NT 10.0; Win64; x64) AppleWebKit/537.36 (KHTML, like Gecko) Chrome/68.0.3440.106 Safari/537.36'}
2020-03-02 17:57:16 [scrapy.core.scraper] DEBUG: Scraped from <200 https://www.glassesshop.com/bestsellers?page=2>
{'url': 'https://www.glassesshop.com/eyeglasses/fp1813', 'img_url': 'https://glassesshop-res.cloudinary.com/w_800,h_400,c_pad/products/201903/5c99cd695a05d.jpg', 'name': 'Niagara - Mblack', 'price': '$39.95', 'user-agent': b'Mozilla/5.0 (Windows NT 10.0; Win64; x64) AppleWebKit/537.36 (KHTML, like Gecko) Chrome/68.0.3440.106 Safari/537.36'}
2020-03-02 17:57:16 [scrapy.core.scraper] DEBUG: Scraped from <200 https://www.glassesshop.com/bestsellers?page=2>
{'url': 'https://www.glassesshop.com/eyeglasses/fp1806', 'img_url': 'https://glassesshop-res.cloudinary.com/w_800,h_400,c_pad/products/201903/5c99cd4249635.jpg', 'name': 'Watertown - Blue', 'price': '$19.95', 'user-agent': b'Mozilla/5.0 (Windows NT 10.0; Win64; x64) AppleWebKit/537.36 (KHTML, like Gecko) Chrome/68.0.3440.106 Safari/537.36'}
2020-03-02 17:57:16 [scrapy.core.scraper] DEBUG: Scraped from <200 https://www.glassesshop.com/bestsellers?page=2>
{'url': 'https://www.glassesshop.com/eyeglasses/fz1256', 'img_url': 'https://glassesshop-res.cloudinary.com/w_800,h_400,c_pad/products/202001/5e23b6298366a.jpg', 'name': 'Dinah - Red/Purple', 'price': '$29.95', 'user-agent': b'Mozilla/5.0 (Windows NT 10.0; Win64; x64) AppleWebKit/537.36 (KHTML, like Gecko) Chrome/68.0.3440.106 Safari/537.36'}
2020-03-02 17:57:16 [scrapy.core.scraper] DEBUG: Scraped from <200 https://www.glassesshop.com/bestsellers?page=2>
{'url': 'https://www.glassesshop.com/eyeglasses/fp1758', 'img_url': 'https://glassesshop-res.cloudinary.com/w_800,h_400,c_pad/products/201807/5b5fdc2d6f460.jpg', 'name': 'Nathan - Black', 'price': '$29.95', 'user-agent': b'Mozilla/5.0 (Windows NT 10.0; Win64; x64) AppleWebKit/537.36 (KHTML, like Gecko) Chrome/68.0.3440.106 Safari/537.36'}
2020-03-02 17:57:16 [scrapy.core.scraper] DEBUG: Scraped from <200 https://www.glassesshop.com/bestsellers?page=2>
{'url': 'https://www.glassesshop.com/eyeglasses/fz1313', 'img_url': 'https://glassesshop-res.cloudinary.com/w_800,h_400,c_pad/products/201906/5cf8ca4e9765e.jpg', 'name': 'Whittier - Black/Blue', 'price': '$29.95', 'user-agent': b'Mozilla/5.0 (Windows NT 10.0; Win64; x64) AppleWebKit/537.36 (KHTML, like Gecko) Chrome/68.0.3440.106 Safari/537.36'}
2020-03-02 17:57:16 [scrapy.core.scraper] DEBUG: Scraped from <200 https://www.glassesshop.com/bestsellers?page=2>
{'url': 'https://www.glassesshop.com/eyeglasses/fp1508', 'img_url': 'https://glassesshop-res.cloudinary.com/w_800,h_400,c_pad/products/201807/5b3b102ed9395.jpg', 'name': 'Bruno - Black', 'price': '\n                                        ', 'user-agent': b'Mozilla/5.0 (Windows NT 10.0; Win64; x64) AppleWebKit/537.36 (KHTML, like Gecko) Chrome/68.0.3440.106 Safari/537.36'}
2020-03-02 17:57:16 [scrapy.core.scraper] DEBUG: Scraped from <200 https://www.glassesshop.com/bestsellers?page=2>
{'url': 'https://www.glassesshop.com/eyeglasses/fp1502', 'img_url': 'https://glassesshop-res.cloudinary.com/w_800,h_400,c_pad/products/201911/5dc4c1328544a.jpg', 'name': 'Astrid - Red', 'price': '$19.95', 'user-agent': b'Mozilla/5.0 (Windows NT 10.0; Win64; x64) AppleWebKit/537.36 (KHTML, like Gecko) Chrome/68.0.3440.106 Safari/537.36'}
2020-03-02 17:57:16 [scrapy.core.scraper] DEBUG: Scraped from <200 https://www.glassesshop.com/bestsellers?page=2>
{'url': 'https://www.glassesshop.com/eyeglasses/ft0276', 'img_url': 'https://glassesshop-res.cloudinary.com/w_800,h_400,c_pad/products/201901/5c3403880ae30.jpg', 'name': 'Huggins - Rose Gold', 'price': '$39.95', 'user-agent': b'Mozilla/5.0 (Windows NT 10.0; Win64; x64) AppleWebKit/537.36 (KHTML, like Gecko) Chrome/68.0.3440.106 Safari/537.36'}
2020-03-02 17:57:16 [scrapy.core.scraper] DEBUG: Scraped from <200 https://www.glassesshop.com/bestsellers?page=2>
{'url': 'https://www.glassesshop.com/eyeglasses/fp1437', 'img_url': 'https://glassesshop-res.cloudinary.com/w_800,h_400,c_pad/products/201711/59fd64661a767.jpg', 'name': 'Prince - Black/Red', 'price': '$19.95', 'user-agent': b'Mozilla/5.0 (Windows NT 10.0; Win64; x64) AppleWebKit/537.36 (KHTML, like Gecko) Chrome/68.0.3440.106 Safari/537.36'}
2020-03-02 17:57:16 [scrapy.core.scraper] DEBUG: Scraped from <200 https://www.glassesshop.com/bestsellers?page=2>
{'url': 'https://www.glassesshop.com/eyeglasses/fp1639', 'img_url': 'https://glassesshop-res.cloudinary.com/w_800,h_400,c_pad/products/201805/5afe7e64195f1.jpg', 'name': 'Mason - Black', 'price': '$29.95', 'user-agent': b'Mozilla/5.0 (Windows NT 10.0; Win64; x64) AppleWebKit/537.36 (KHTML, like Gecko) Chrome/68.0.3440.106 Safari/537.36'}
2020-03-02 17:57:16 [scrapy.core.scraper] DEBUG: Scraped from <200 https://www.glassesshop.com/bestsellers?page=2>
{'url': 'https://www.glassesshop.com/eyeglasses/fz1248', 'img_url': 'https://glassesshop-res.cloudinary.com/w_800,h_400,c_pad/products/201910/5daeb8c27e48e.jpg', 'name': 'Beulah - Purple', 'price': '$29.95', 'user-agent': b'Mozilla/5.0 (Windows NT 10.0; Win64; x64) AppleWebKit/537.36 (KHTML, like Gecko) Chrome/68.0.3440.106 Safari/537.36'}
2020-03-02 17:57:16 [scrapy.core.scraper] DEBUG: Scraped from <200 https://www.glassesshop.com/bestsellers?page=2>
{'url': 'https://www.glassesshop.com/eyeglasses/fp1113', 'img_url': 'https://glassesshop-res.cloudinary.com/w_800,h_400,c_pad/products/201708/5983fe799661a.jpg', 'name': 'Hyannis - Brown', 'price': '$29.95', 'user-agent': b'Mozilla/5.0 (Windows NT 10.0; Win64; x64) AppleWebKit/537.36 (KHTML, like Gecko) Chrome/68.0.3440.106 Safari/537.36'}
2020-03-02 17:57:16 [scrapy.core.scraper] DEBUG: Scraped from <200 https://www.glassesshop.com/bestsellers?page=2>
{'url': 'https://www.glassesshop.com/eyeglasses/fm1184', 'img_url': 'https://glassesshop-res.cloudinary.com/w_800,h_400,c_pad/products/201804/5acd64c835129.jpg', 'name': 'Plato - Bronze', 'price': '$24.95', 'user-agent': b'Mozilla/5.0 (Windows NT 10.0; Win64; x64) AppleWebKit/537.36 (KHTML, like Gecko) Chrome/68.0.3440.106 Safari/537.36'}
2020-03-02 17:57:16 [scrapy.core.scraper] DEBUG: Scraped from <200 https://www.glassesshop.com/bestsellers?page=2>
{'url': 'https://www.glassesshop.com/eyeglasses/fp1810', 'img_url': 'https://glassesshop-res.cloudinary.com/w_800,h_400,c_pad/products/201903/5c99cd4254304.jpg', 'name': 'Gloversville - Red', 'price': '$19.95', 'user-agent': b'Mozilla/5.0 (Windows NT 10.0; Win64; x64) AppleWebKit/537.36 (KHTML, like Gecko) Chrome/68.0.3440.106 Safari/537.36'}
2020-03-02 17:57:16 [scrapy.core.scraper] DEBUG: Scraped from <200 https://www.glassesshop.com/bestsellers?page=2>
{'url': 'https://www.glassesshop.com/eyeglasses/fp1756', 'img_url': 'https://glassesshop-res.cloudinary.com/w_800,h_400,c_pad/products/201807/5b5fdc1dd3790.jpg', 'name': 'Nat - Blue', 'price': '\n                                        ', 'user-agent': b'Mozilla/5.0 (Windows NT 10.0; Win64; x64) AppleWebKit/537.36 (KHTML, like Gecko) Chrome/68.0.3440.106 Safari/537.36'}
2020-03-02 17:57:16 [scrapy.core.scraper] DEBUG: Scraped from <200 https://www.glassesshop.com/bestsellers?page=2>
{'url': 'https://www.glassesshop.com/eyeglasses/fp1811', 'img_url': 'https://glassesshop-res.cloudinary.com/w_800,h_400,c_pad/products/201910/5db296d2d588a.jpg', 'name': 'Binghamton - Blue', 'price': '$19.95', 'user-agent': b'Mozilla/5.0 (Windows NT 10.0; Win64; x64) AppleWebKit/537.36 (KHTML, like Gecko) Chrome/68.0.3440.106 Safari/537.36'}
2020-03-02 17:57:16 [scrapy.core.scraper] DEBUG: Scraped from <200 https://www.glassesshop.com/bestsellers?page=2>
{'url': 'https://www.glassesshop.com/eyeglasses/fz1358', 'img_url': 'https://glassesshop-res.cloudinary.com/w_800,h_400,c_pad/products/201907/5d1dad7e8b665.jpg', 'name': 'Milne - Crystal', 'price': '$29.95', 'user-agent': b'Mozilla/5.0 (Windows NT 10.0; Win64; x64) AppleWebKit/537.36 (KHTML, like Gecko) Chrome/68.0.3440.106 Safari/537.36'}
2020-03-02 17:57:16 [scrapy.core.scraper] DEBUG: Scraped from <200 https://www.glassesshop.com/bestsellers?page=2>
{'url': 'https://www.glassesshop.com/eyeglasses/fp1872', 'img_url': 'https://glassesshop-res.cloudinary.com/w_800,h_400,c_pad/products/201904/5cc16d558bb08.jpg', 'name': 'Defender - Mblack', 'price': '$29.95', 'user-agent': b'Mozilla/5.0 (Windows NT 10.0; Win64; x64) AppleWebKit/537.36 (KHTML, like Gecko) Chrome/68.0.3440.106 Safari/537.36'}
2020-03-02 17:57:16 [scrapy.core.scraper] DEBUG: Scraped from <200 https://www.glassesshop.com/bestsellers?page=2>
{'url': 'https://www.glassesshop.com/eyeglasses/ft0278', 'img_url': 'https://glassesshop-res.cloudinary.com/w_800,h_400,c_pad/products/201901/5c34038810a7e.jpg', 'name': 'Hughes - Purple/Golden', 'price': '$44.95', 'user-agent': b'Mozilla/5.0 (Windows NT 10.0; Win64; x64) AppleWebKit/537.36 (KHTML, like Gecko) Chrome/68.0.3440.106 Safari/537.36'}
2020-03-02 17:57:16 [scrapy.core.scraper] DEBUG: Scraped from <200 https://www.glassesshop.com/bestsellers?page=2>
{'url': 'https://www.glassesshop.com/eyeglasses/fz1016', 'img_url': 'https://glassesshop-res.cloudinary.com/w_800,h_400,c_pad/products/201707/595c86434f34a.jpg', 'name': 'Iowa - Black', 'price': '\n                                        ', 'user-agent': b'Mozilla/5.0 (Windows NT 10.0; Win64; x64) AppleWebKit/537.36 (KHTML, like Gecko) Chrome/68.0.3440.106 Safari/537.36'}
2020-03-02 17:57:17 [scrapy.core.engine] DEBUG: Crawled (200) <GET https://www.glassesshop.com/bestsellers?page=3> (referer: https://www.glassesshop.com/bestsellers?page=2)
2020-03-02 17:57:18 [scrapy.core.scraper] DEBUG: Scraped from <200 https://www.glassesshop.com/bestsellers?page=3>
{'url': 'https://www.glassesshop.com/eyeglasses/fp1902', 'img_url': 'https://glassesshop-res.cloudinary.com/w_800,h_400,c_pad/products/201905/5ce3acf5d8bc6.jpg', 'name': 'Jinbee - Black/Multicolor', 'price': '$19.95', 'user-agent': b'Mozilla/5.0 (Windows NT 10.0; Win64; x64) AppleWebKit/537.36 (KHTML, like Gecko) Chrome/68.0.3440.106 Safari/537.36'}
2020-03-02 17:57:18 [scrapy.core.scraper] DEBUG: Scraped from <200 https://www.glassesshop.com/bestsellers?page=3>
{'url': 'https://www.glassesshop.com/eyeglasses/fp1595', 'img_url': 'https://glassesshop-res.cloudinary.com/w_800,h_400,c_pad/products/201805/5afb97530e13e.jpg', 'name': 'Jerry - Blue', 'price': '$24.95', 'user-agent': b'Mozilla/5.0 (Windows NT 10.0; Win64; x64) AppleWebKit/537.36 (KHTML, like Gecko) Chrome/68.0.3440.106 Safari/537.36'}
2020-03-02 17:57:18 [scrapy.core.scraper] DEBUG: Scraped from <200 https://www.glassesshop.com/bestsellers?page=3>
{'url': 'https://www.glassesshop.com/eyeglasses/fz0981', 'img_url': 'https://glassesshop-res.cloudinary.com/w_800,h_400,c_pad/products/201704/58f85d7927324.jpg', 'name': 'Miami - Tortoise', 'price': '$29.95', 'user-agent': b'Mozilla/5.0 (Windows NT 10.0; Win64; x64) AppleWebKit/537.36 (KHTML, like Gecko) Chrome/68.0.3440.106 Safari/537.36'}
2020-03-02 17:57:18 [scrapy.core.scraper] DEBUG: Scraped from <200 https://www.glassesshop.com/bestsellers?page=3>
{'url': 'https://www.glassesshop.com/eyeglasses/fz1090', 'img_url': 'https://glassesshop-res.cloudinary.com/w_800,h_400,c_pad/products/201710/59e01c58d5a53.jpg', 'name': 'Mandy - Black', 'price': '$29.95', 'user-agent': b'Mozilla/5.0 (Windows NT 10.0; Win64; x64) AppleWebKit/537.36 (KHTML, like Gecko) Chrome/68.0.3440.106 Safari/537.36'}
2020-03-02 17:57:18 [scrapy.core.scraper] DEBUG: Scraped from <200 https://www.glassesshop.com/bestsellers?page=3>
{'url': 'https://www.glassesshop.com/eyeglasses/fp1793', 'img_url': 'https://glassesshop-res.cloudinary.com/w_800,h_400,c_pad/products/201903/5c99cd4233d01.jpg', 'name': 'Syracuse - Brown', 'price': '$19.95', 'user-agent': b'Mozilla/5.0 (Windows NT 10.0; Win64; x64) AppleWebKit/537.36 (KHTML, like Gecko) Chrome/68.0.3440.106 Safari/537.36'}
2020-03-02 17:57:18 [scrapy.core.scraper] DEBUG: Scraped from <200 https://www.glassesshop.com/bestsellers?page=3>
{'url': 'https://www.glassesshop.com/eyeglasses/fp1801', 'img_url': 'https://glassesshop-res.cloudinary.com/w_800,h_400,c_pad/products/201903/5c99cd423e367.jpg', 'name': 'Utica - Green', 'price': '$19.95', 'user-agent': b'Mozilla/5.0 (Windows NT 10.0; Win64; x64) AppleWebKit/537.36 (KHTML, like Gecko) Chrome/68.0.3440.106 Safari/537.36'}
2020-03-02 17:57:18 [scrapy.core.scraper] DEBUG: Scraped from <200 https://www.glassesshop.com/bestsellers?page=3>
{'url': 'https://www.glassesshop.com/eyeglasses/fp1843', 'img_url': 'https://glassesshop-res.cloudinary.com/w_800,h_400,c_pad/products/201904/5cb69b51374f0.jpg', 'name': 'Buttler - Gray', 'price': '$19.95', 'user-agent': b'Mozilla/5.0 (Windows NT 10.0; Win64; x64) AppleWebKit/537.36 (KHTML, like Gecko) Chrome/68.0.3440.106 Safari/537.36'}
2020-03-02 17:57:18 [scrapy.core.scraper] DEBUG: Scraped from <200 https://www.glassesshop.com/bestsellers?page=3>
{'url': 'https://www.glassesshop.com/eyeglasses/fp1326', 'img_url': 'https://glassesshop-res.cloudinary.com/w_800,h_400,c_pad/products/201705/5912aaac54269.jpg', 'name': 'West - Black', 'price': '$19.95', 'user-agent': b'Mozilla/5.0 (Windows NT 10.0; Win64; x64) AppleWebKit/537.36 (KHTML, like Gecko) Chrome/68.0.3440.106 Safari/537.36'}
2020-03-02 17:57:18 [scrapy.core.scraper] DEBUG: Scraped from <200 https://www.glassesshop.com/bestsellers?page=3>
{'url': 'https://www.glassesshop.com/eyeglasses/fm1306', 'img_url': 'https://glassesshop-res.cloudinary.com/w_800,h_400,c_pad/products/201810/5bbc4ef63570b.jpg', 'name': 'Uriah - Black', 'price': '\n                                        ', 'user-agent': b'Mozilla/5.0 (Windows NT 10.0; Win64; x64) AppleWebKit/537.36 (KHTML, like Gecko) Chrome/68.0.3440.106 Safari/537.36'}
2020-03-02 17:57:18 [scrapy.core.scraper] DEBUG: Scraped from <200 https://www.glassesshop.com/bestsellers?page=3>
{'url': 'https://www.glassesshop.com/eyeglasses/fp1760', 'img_url': 'https://glassesshop-res.cloudinary.com/w_800,h_400,c_pad/products/201807/5b5fdc3c66281.jpg', 'name': 'Nathan - Burgundy', 'price': '$29.95', 'user-agent': b'Mozilla/5.0 (Windows NT 10.0; Win64; x64) AppleWebKit/537.36 (KHTML, like Gecko) Chrome/68.0.3440.106 Safari/537.36'}
2020-03-02 17:57:18 [scrapy.core.scraper] DEBUG: Scraped from <200 https://www.glassesshop.com/bestsellers?page=3>
{'url': 'https://www.glassesshop.com/eyeglasses/sup0509', 'img_url': 'https://glassesshop-res.cloudinary.com/w_800,h_400,c_pad/products/201807/5b4db90b0447d.jpg', 'name': 'Sid - Gunmetal', 'price': '$34.95', 'user-agent': b'Mozilla/5.0 (Windows NT 10.0; Win64; x64) AppleWebKit/537.36 (KHTML, like Gecko) Chrome/68.0.3440.106 Safari/537.36'}
2020-03-02 17:57:18 [scrapy.core.scraper] DEBUG: Scraped from <200 https://www.glassesshop.com/bestsellers?page=3>
{'url': 'https://www.glassesshop.com/eyeglasses/fp1864', 'img_url': 'https://glassesshop-res.cloudinary.com/w_800,h_400,c_pad/products/201904/5cc16d55620ea.jpg', 'name': 'Arad - Mblack/Pink', 'price': '$29.95', 'user-agent': b'Mozilla/5.0 (Windows NT 10.0; Win64; x64) AppleWebKit/537.36 (KHTML, like Gecko) Chrome/68.0.3440.106 Safari/537.36'}
2020-03-02 17:57:18 [scrapy.core.scraper] DEBUG: Scraped from <200 https://www.glassesshop.com/bestsellers?page=3>
{'url': 'https://www.glassesshop.com/eyeglasses/fm1351', 'img_url': 'https://glassesshop-res.cloudinary.com/w_800,h_400,c_pad/products/201812/5c24367445780.jpg', 'name': 'Hawthorn - Blue', 'price': '\n                                        ', 'user-agent': b'Mozilla/5.0 (Windows NT 10.0; Win64; x64) AppleWebKit/537.36 (KHTML, like Gecko) Chrome/68.0.3440.106 Safari/537.36'}
2020-03-02 17:57:18 [scrapy.core.scraper] DEBUG: Scraped from <200 https://www.glassesshop.com/bestsellers?page=3>
{'url': 'https://www.glassesshop.com/eyeglasses/fm1382', 'img_url': 'https://glassesshop-res.cloudinary.com/w_800,h_400,c_pad/products/201906/5cff0f5a55c40.jpg', 'name': 'Rochester - Black/Silver', 'price': '$29.95', 'user-agent': b'Mozilla/5.0 (Windows NT 10.0; Win64; x64) AppleWebKit/537.36 (KHTML, like Gecko) Chrome/68.0.3440.106 Safari/537.36'}
2020-03-02 17:57:18 [scrapy.core.scraper] DEBUG: Scraped from <200 https://www.glassesshop.com/bestsellers?page=3>
{'url': 'https://www.glassesshop.com/eyeglasses/fp1593', 'img_url': 'https://glassesshop-res.cloudinary.com/w_800,h_400,c_pad/products/201805/5afb961147318.jpg', 'name': 'Jerry - Gray', 'price': '$24.95', 'user-agent': b'Mozilla/5.0 (Windows NT 10.0; Win64; x64) AppleWebKit/537.36 (KHTML, like Gecko) Chrome/68.0.3440.106 Safari/537.36'}
2020-03-02 17:57:18 [scrapy.core.scraper] DEBUG: Scraped from <200 https://www.glassesshop.com/bestsellers?page=3>
{'url': 'https://www.glassesshop.com/eyeglasses/fp1861', 'img_url': 'https://glassesshop-res.cloudinary.com/w_800,h_400,c_pad/products/201904/5cc16d555438b.jpg', 'name': 'Latch - Mblack', 'price': '\n                                        ', 'user-agent': b'Mozilla/5.0 (Windows NT 10.0; Win64; x64) AppleWebKit/537.36 (KHTML, like Gecko) Chrome/68.0.3440.106 Safari/537.36'}
2020-03-02 17:57:18 [scrapy.core.scraper] DEBUG: Scraped from <200 https://www.glassesshop.com/bestsellers?page=3>
{'url': 'https://www.glassesshop.com/eyeglasses/fp1833', 'img_url': 'https://glassesshop-res.cloudinary.com/w_800,h_400,c_pad/products/201904/5cb69b510b4ee.jpg', 'name': 'Tacab - Black', 'price': '$19.95', 'user-agent': b'Mozilla/5.0 (Windows NT 10.0; Win64; x64) AppleWebKit/537.36 (KHTML, like Gecko) Chrome/68.0.3440.106 Safari/537.36'}
2020-03-02 17:57:18 [scrapy.core.scraper] DEBUG: Scraped from <200 https://www.glassesshop.com/bestsellers?page=3>
{'url': 'https://www.glassesshop.com/eyeglasses/fz1264', 'img_url': 'https://glassesshop-res.cloudinary.com/w_800,h_400,c_pad/products/201810/5bbc50851e668.jpg', 'name': 'Evangeline - Tortoise', 'price': '$29.95', 'user-agent': b'Mozilla/5.0 (Windows NT 10.0; Win64; x64) AppleWebKit/537.36 (KHTML, like Gecko) Chrome/68.0.3440.106 Safari/537.36'}
2020-03-02 17:57:18 [scrapy.core.scraper] DEBUG: Scraped from <200 https://www.glassesshop.com/bestsellers?page=3>
{'url': 'https://www.glassesshop.com/eyeglasses/fp1134', 'img_url': 'https://glassesshop-res.cloudinary.com/w_800,h_400,c_pad/products/201604/57917ebf91814.jpg', 'name': 'Paine clip-on - Purple', 'price': '\n                                        ', 'user-agent': b'Mozilla/5.0 (Windows NT 10.0; Win64; x64) AppleWebKit/537.36 (KHTML, like Gecko) Chrome/68.0.3440.106 Safari/537.36'}
2020-03-02 17:57:18 [scrapy.core.scraper] DEBUG: Scraped from <200 https://www.glassesshop.com/bestsellers?page=3>
{'url': 'https://www.glassesshop.com/eyeglasses/sm0885', 'img_url': 'https://glassesshop-res.cloudinary.com/w_800,h_400,c_pad/products/201905/5cdcb3e76ce02.jpg', 'name': 'Sherwood - Gunmetal', 'price': '$29.95', 'user-agent': b'Mozilla/5.0 (Windows NT 10.0; Win64; x64) AppleWebKit/537.36 (KHTML, like Gecko) Chrome/68.0.3440.106 Safari/537.36'}
2020-03-02 17:57:18 [scrapy.core.scraper] DEBUG: Scraped from <200 https://www.glassesshop.com/bestsellers?page=3>
{'url': 'https://www.glassesshop.com/eyeglasses/fp1836', 'img_url': 'https://glassesshop-res.cloudinary.com/w_800,h_400,c_pad/products/201904/5cb69b5116ee3.jpg', 'name': 'Husk - Lavender', 'price': '$19.95', 'user-agent': b'Mozilla/5.0 (Windows NT 10.0; Win64; x64) AppleWebKit/537.36 (KHTML, like Gecko) Chrome/68.0.3440.106 Safari/537.36'}
2020-03-02 17:57:18 [scrapy.core.scraper] DEBUG: Scraped from <200 https://www.glassesshop.com/bestsellers?page=3>
{'url': 'https://www.glassesshop.com/eyeglasses/fp1754', 'img_url': 'https://glassesshop-res.cloudinary.com/w_800,h_400,c_pad/products/201807/5b5fdc0dc1b98.jpg', 'name': 'Myron - Green/Black', 'price': '\n                                        ', 'user-agent': b'Mozilla/5.0 (Windows NT 10.0; Win64; x64) AppleWebKit/537.36 (KHTML, like Gecko) Chrome/68.0.3440.106 Safari/537.36'}
2020-03-02 17:57:18 [scrapy.core.scraper] DEBUG: Scraped from <200 https://www.glassesshop.com/bestsellers?page=3>
{'url': 'https://www.glassesshop.com/eyeglasses/sup0658', 'img_url': 'https://glassesshop-res.cloudinary.com/w_800,h_400,c_pad/products/201905/5ccf9668d1b8c.jpg', 'name': 'Kerlins - Multicolor', 'price': '$29.95', 'user-agent': b'Mozilla/5.0 (Windows NT 10.0; Win64; x64) AppleWebKit/537.36 (KHTML, like Gecko) Chrome/68.0.3440.106 Safari/537.36'}
2020-03-02 17:57:18 [scrapy.core.scraper] DEBUG: Scraped from <200 https://www.glassesshop.com/bestsellers?page=3>
{'url': 'https://www.glassesshop.com/eyeglasses/fp1795', 'img_url': 'https://glassesshop-res.cloudinary.com/w_800,h_400,c_pad/products/201903/5c99cd4238b37.jpg', 'name': 'Syracuse - Blue', 'price': '$19.95', 'user-agent': b'Mozilla/5.0 (Windows NT 10.0; Win64; x64) AppleWebKit/537.36 (KHTML, like Gecko) Chrome/68.0.3440.106 Safari/537.36'}
2020-03-02 17:57:18 [scrapy.core.scraper] DEBUG: Scraped from <200 https://www.glassesshop.com/bestsellers?page=3>
{'url': 'https://www.glassesshop.com/eyeglasses/fp1805', 'img_url': 'https://glassesshop-res.cloudinary.com/w_800,h_400,c_pad/products/201903/5c99cd4246eda.jpg', 'name': 'Watertown - Red', 'price': '$19.95', 'user-agent': b'Mozilla/5.0 (Windows NT 10.0; Win64; x64) AppleWebKit/537.36 (KHTML, like Gecko) Chrome/68.0.3440.106 Safari/537.36'}
2020-03-02 17:57:18 [scrapy.core.scraper] DEBUG: Scraped from <200 https://www.glassesshop.com/bestsellers?page=3>
{'url': 'https://www.glassesshop.com/eyeglasses/fz1098', 'img_url': 'https://glassesshop-res.cloudinary.com/w_800,h_400,c_pad/products/201710/59e01c91dd8f1.jpg', 'name': 'Laura - Tortoise', 'price': '$29.95', 'user-agent': b'Mozilla/5.0 (Windows NT 10.0; Win64; x64) AppleWebKit/537.36 (KHTML, like Gecko) Chrome/68.0.3440.106 Safari/537.36'}
2020-03-02 17:57:18 [scrapy.core.scraper] DEBUG: Scraped from <200 https://www.glassesshop.com/bestsellers?page=3>
{'url': 'https://www.glassesshop.com/eyeglasses/sm0833', 'img_url': 'https://glassesshop-res.cloudinary.com/w_800,h_400,c_pad/products/201805/5b0518b21b35b.jpg', 'name': 'Cowper - Black', 'price': '$34.95', 'user-agent': b'Mozilla/5.0 (Windows NT 10.0; Win64; x64) AppleWebKit/537.36 (KHTML, like Gecko) Chrome/68.0.3440.106 Safari/537.36'}
2020-03-02 17:57:18 [scrapy.core.scraper] DEBUG: Scraped from <200 https://www.glassesshop.com/bestsellers?page=3>
{'url': 'https://www.glassesshop.com/eyeglasses/sup0702', 'img_url': 'https://glassesshop-res.cloudinary.com/w_800,h_400,c_pad/products/201906/5cff70bbf1bf9.jpg', 'name': 'Ophelia - Black', 'price': '$29.95', 'user-agent': b'Mozilla/5.0 (Windows NT 10.0; Win64; x64) AppleWebKit/537.36 (KHTML, like Gecko) Chrome/68.0.3440.106 Safari/537.36'}
2020-03-02 17:57:18 [scrapy.core.scraper] DEBUG: Scraped from <200 https://www.glassesshop.com/bestsellers?page=3>
{'url': 'https://www.glassesshop.com/eyeglasses/fp1832', 'img_url': 'https://glassesshop-res.cloudinary.com/w_800,h_400,c_pad/products/201904/5cb69b5107170.jpg', 'name': 'Tacab - Red', 'price': '$19.95', 'user-agent': b'Mozilla/5.0 (Windows NT 10.0; Win64; x64) AppleWebKit/537.36 (KHTML, like Gecko) Chrome/68.0.3440.106 Safari/537.36'}
2020-03-02 17:57:18 [scrapy.core.scraper] DEBUG: Scraped from <200 https://www.glassesshop.com/bestsellers?page=3>
{'url': 'https://www.glassesshop.com/eyeglasses/fz1300', 'img_url': 'https://glassesshop-res.cloudinary.com/w_800,h_400,c_pad/products/201904/5cb69b513b29c.jpg', 'name': 'Moore - Burgundy', 'price': '$29.95', 'user-agent': b'Mozilla/5.0 (Windows NT 10.0; Win64; x64) AppleWebKit/537.36 (KHTML, like Gecko) Chrome/68.0.3440.106 Safari/537.36'}
2020-03-02 17:57:18 [scrapy.core.scraper] DEBUG: Scraped from <200 https://www.glassesshop.com/bestsellers?page=3>
{'url': 'https://www.glassesshop.com/eyeglasses/sup0596', 'img_url': 'https://glassesshop-res.cloudinary.com/w_800,h_400,c_pad/products/201901/5c3403883d768.jpg', 'name': 'Hutt - Black', 'price': '\n                                        ', 'user-agent': b'Mozilla/5.0 (Windows NT 10.0; Win64; x64) AppleWebKit/537.36 (KHTML, like Gecko) Chrome/68.0.3440.106 Safari/537.36'}
2020-03-02 17:57:18 [scrapy.core.scraper] DEBUG: Scraped from <200 https://www.glassesshop.com/bestsellers?page=3>
{'url': 'https://www.glassesshop.com/eyeglasses/fm1178', 'img_url': 'https://glassesshop-res.cloudinary.com/w_800,h_400,c_pad/products/201804/5acd64955af9c.jpg', 'name': 'Plato - Gunmetal', 'price': '$19.95', 'user-agent': b'Mozilla/5.0 (Windows NT 10.0; Win64; x64) AppleWebKit/537.36 (KHTML, like Gecko) Chrome/68.0.3440.106 Safari/537.36'}
2020-03-02 17:57:18 [scrapy.core.scraper] DEBUG: Scraped from <200 https://www.glassesshop.com/bestsellers?page=3>
{'url': 'https://www.glassesshop.com/eyeglasses/fm1373', 'img_url': 'https://glassesshop-res.cloudinary.com/w_800,h_400,c_pad/products/201903/5c99cd282e2c8.jpg', 'name': 'Oswego - Rose Gold', 'price': '\n                                        ', 'user-agent': b'Mozilla/5.0 (Windows NT 10.0; Win64; x64) AppleWebKit/537.36 (KHTML, like Gecko) Chrome/68.0.3440.106 Safari/537.36'}
2020-03-02 17:57:18 [scrapy.core.scraper] DEBUG: Scraped from <200 https://www.glassesshop.com/bestsellers?page=3>
{'url': 'https://www.glassesshop.com/eyeglasses/fp1927', 'img_url': 'https://glassesshop-res.cloudinary.com/w_800,h_400,c_pad/products/201908/5d4d190dacad9.jpg', 'name': 'Bronti - Black', 'price': '$12.95', 'user-agent': b'Mozilla/5.0 (Windows NT 10.0; Win64; x64) AppleWebKit/537.36 (KHTML, like Gecko) Chrome/68.0.3440.106 Safari/537.36'}
2020-03-02 17:57:18 [scrapy.core.scraper] DEBUG: Scraped from <200 https://www.glassesshop.com/bestsellers?page=3>
{'url': 'https://www.glassesshop.com/eyeglasses/fp1871', 'img_url': 'https://glassesshop-res.cloudinary.com/w_800,h_400,c_pad/products/201904/5cc16d5585fad.jpg', 'name': 'Defender - Mblack/Pink', 'price': '\n                                        ', 'user-agent': b'Mozilla/5.0 (Windows NT 10.0; Win64; x64) AppleWebKit/537.36 (KHTML, like Gecko) Chrome/68.0.3440.106 Safari/537.36'}
2020-03-02 17:57:18 [scrapy.core.scraper] DEBUG: Scraped from <200 https://www.glassesshop.com/bestsellers?page=3>
{'url': 'https://www.glassesshop.com/eyeglasses/fp1842', 'img_url': 'https://glassesshop-res.cloudinary.com/w_800,h_400,c_pad/products/201904/5cb69b513279a.jpg', 'name': 'Buttler - Tortoise', 'price': '$19.95', 'user-agent': b'Mozilla/5.0 (Windows NT 10.0; Win64; x64) AppleWebKit/537.36 (KHTML, like Gecko) Chrome/68.0.3440.106 Safari/537.36'}
2020-03-02 17:57:18 [scrapy.core.scraper] DEBUG: Scraped from <200 https://www.glassesshop.com/bestsellers?page=3>
{'url': 'https://www.glassesshop.com/eyeglasses/fm1375', 'img_url': 'https://glassesshop-res.cloudinary.com/w_800,h_400,c_pad/products/201903/5c99cd422ec6d.jpg', 'name': 'Oswego - Black/Golden', 'price': '$29.95', 'user-agent': b'Mozilla/5.0 (Windows NT 10.0; Win64; x64) AppleWebKit/537.36 (KHTML, like Gecko) Chrome/68.0.3440.106 Safari/537.36'}
2020-03-02 17:57:18 [scrapy.core.scraper] DEBUG: Scraped from <200 https://www.glassesshop.com/bestsellers?page=3>
{'url': 'https://www.glassesshop.com/eyeglasses/sup0700', 'img_url': 'https://glassesshop-res.cloudinary.com/w_800,h_400,c_pad/products/201906/5cff70bbe91a2.jpg', 'name': 'Nodia - Black', 'price': '$29.95', 'user-agent': b'Mozilla/5.0 (Windows NT 10.0; Win64; x64) AppleWebKit/537.36 (KHTML, like Gecko) Chrome/68.0.3440.106 Safari/537.36'}
2020-03-02 17:57:18 [scrapy.core.scraper] DEBUG: Scraped from <200 https://www.glassesshop.com/bestsellers?page=3>
{'url': 'https://www.glassesshop.com/eyeglasses/fz1361', 'img_url': 'https://glassesshop-res.cloudinary.com/w_800,h_400,c_pad/products/201907/5d1dad7e9531d.jpg', 'name': 'Milton - Tortoise', 'price': '\n                                        ', 'user-agent': b'Mozilla/5.0 (Windows NT 10.0; Win64; x64) AppleWebKit/537.36 (KHTML, like Gecko) Chrome/68.0.3440.106 Safari/537.36'}
2020-03-02 17:57:18 [scrapy.core.scraper] DEBUG: Scraped from <200 https://www.glassesshop.com/bestsellers?page=3>
{'url': 'https://www.glassesshop.com/eyeglasses/sup0656', 'img_url': 'https://glassesshop-res.cloudinary.com/w_800,h_400,c_pad/products/201905/5ccf9668bc29a.jpg', 'name': 'Morgan - Black/Pink', 'price': '$29.95', 'user-agent': b'Mozilla/5.0 (Windows NT 10.0; Win64; x64) AppleWebKit/537.36 (KHTML, like Gecko) Chrome/68.0.3440.106 Safari/537.36'}
2020-03-02 17:57:18 [scrapy.core.scraper] DEBUG: Scraped from <200 https://www.glassesshop.com/bestsellers?page=3>
{'url': 'https://www.glassesshop.com/eyeglasses/fp1913', 'img_url': 'https://glassesshop-res.cloudinary.com/w_800,h_400,c_pad/products/201906/5d0318964c8a2.jpg', 'name': 'Cecilia - Black/Red', 'price': '$29.95', 'user-agent': b'Mozilla/5.0 (Windows NT 10.0; Win64; x64) AppleWebKit/537.36 (KHTML, like Gecko) Chrome/68.0.3440.106 Safari/537.36'}
2020-03-02 17:57:18 [scrapy.core.scraper] DEBUG: Scraped from <200 https://www.glassesshop.com/bestsellers?page=3>
{'url': 'https://www.glassesshop.com/eyeglasses/fp1794', 'img_url': 'https://glassesshop-res.cloudinary.com/w_800,h_400,c_pad/products/201903/5c99cd42365e6.jpg', 'name': 'Syracuse - Red', 'price': '$19.95', 'user-agent': b'Mozilla/5.0 (Windows NT 10.0; Win64; x64) AppleWebKit/537.36 (KHTML, like Gecko) Chrome/68.0.3440.106 Safari/537.36'}
2020-03-02 17:57:18 [scrapy.core.scraper] DEBUG: Scraped from <200 https://www.glassesshop.com/bestsellers?page=3>
{'url': 'https://www.glassesshop.com/eyeglasses/fm1360', 'img_url': 'https://glassesshop-res.cloudinary.com/w_800,h_400,c_pad/products/201903/5c99cd2807ef9.jpg', 'name': 'Tupelo - Gunmetal', 'price': '$29.95', 'user-agent': b'Mozilla/5.0 (Windows NT 10.0; Win64; x64) AppleWebKit/537.36 (KHTML, like Gecko) Chrome/68.0.3440.106 Safari/537.36'}
2020-03-02 17:57:18 [scrapy.core.scraper] DEBUG: Scraped from <200 https://www.glassesshop.com/bestsellers?page=3>
{'url': 'https://www.glassesshop.com/eyeglasses/fp1808', 'img_url': 'https://glassesshop-res.cloudinary.com/w_800,h_400,c_pad/products/201903/5c99cd424e89d.jpg', 'name': 'Hempstead - Blue', 'price': '$19.95', 'user-agent': b'Mozilla/5.0 (Windows NT 10.0; Win64; x64) AppleWebKit/537.36 (KHTML, like Gecko) Chrome/68.0.3440.106 Safari/537.36'}
2020-03-02 17:57:18 [scrapy.core.scraper] DEBUG: Scraped from <200 https://www.glassesshop.com/bestsellers?page=3>
{'url': 'https://www.glassesshop.com/eyeglasses/fp1812', 'img_url': 'https://glassesshop-res.cloudinary.com/w_800,h_400,c_pad/products/201910/5db296d9b7131.jpg', 'name': 'Binghamton - Brown', 'price': '\n                                        ', 'user-agent': b'Mozilla/5.0 (Windows NT 10.0; Win64; x64) AppleWebKit/537.36 (KHTML, like Gecko) Chrome/68.0.3440.106 Safari/537.36'}
2020-03-02 17:57:18 [scrapy.core.scraper] DEBUG: Scraped from <200 https://www.glassesshop.com/bestsellers?page=3>
{'url': 'https://www.glassesshop.com/eyeglasses/ft0308', 'img_url': 'https://glassesshop-res.cloudinary.com/w_800,h_400,c_pad/products/201906/5d0318966bf71.jpg', 'name': 'Berenice - Black', 'price': '\n                                        ', 'user-agent': b'Mozilla/5.0 (Windows NT 10.0; Win64; x64) AppleWebKit/537.36 (KHTML, like Gecko) Chrome/68.0.3440.106 Safari/537.36'}
2020-03-02 17:57:18 [scrapy.core.scraper] DEBUG: Scraped from <200 https://www.glassesshop.com/bestsellers?page=3>
{'url': 'https://www.glassesshop.com/eyeglasses/fp1822', 'img_url': 'https://glassesshop-res.cloudinary.com/w_800,h_400,c_pad/products/201906/5d01d74545d98.jpg', 'name': 'Rado Avaitor - Black', 'price': '\n                                        ', 'user-agent': b'Mozilla/5.0 (Windows NT 10.0; Win64; x64) AppleWebKit/537.36 (KHTML, like Gecko) Chrome/68.0.3440.106 Safari/537.36'}
2020-03-02 17:57:18 [scrapy.core.scraper] DEBUG: Scraped from <200 https://www.glassesshop.com/bestsellers?page=3>
{'url': 'https://www.glassesshop.com/eyeglasses/fp1920', 'img_url': 'https://glassesshop-res.cloudinary.com/w_800,h_400,c_pad/products/201908/5d4d18eee5210.jpg', 'name': 'Bloor - Purple', 'price': '$12.95', 'user-agent': b'Mozilla/5.0 (Windows NT 10.0; Win64; x64) AppleWebKit/537.36 (KHTML, like Gecko) Chrome/68.0.3440.106 Safari/537.36'}
2020-03-02 17:57:18 [scrapy.core.scraper] DEBUG: Scraped from <200 https://www.glassesshop.com/bestsellers?page=3>
{'url': 'https://www.glassesshop.com/eyeglasses/fp1851', 'img_url': 'https://glassesshop-res.cloudinary.com/w_800,h_400,c_pad/products/201904/5cc2bffd384af.jpg', 'name': 'Stuart - Black', 'price': '\n                                        ', 'user-agent': b'Mozilla/5.0 (Windows NT 10.0; Win64; x64) AppleWebKit/537.36 (KHTML, like Gecko) Chrome/68.0.3440.106 Safari/537.36'}
2020-03-02 17:57:18 [scrapy.core.scraper] DEBUG: Scraped from <200 https://www.glassesshop.com/bestsellers?page=3>
{'url': 'https://www.glassesshop.com/eyeglasses/sup0632', 'img_url': 'https://glassesshop-res.cloudinary.com/w_800,h_400,c_pad/products/201904/5cc806c83858d.jpg', 'name': 'Spender - Crystal', 'price': '$19.95', 'user-agent': b'Mozilla/5.0 (Windows NT 10.0; Win64; x64) AppleWebKit/537.36 (KHTML, like Gecko) Chrome/68.0.3440.106 Safari/537.36'}
2020-03-02 17:57:18 [scrapy.core.scraper] DEBUG: Scraped from <200 https://www.glassesshop.com/bestsellers?page=3>
{'url': 'https://www.glassesshop.com/eyeglasses/fz1376', 'img_url': 'https://glassesshop-res.cloudinary.com/w_800,h_400,c_pad/products/201908/5d538038705a1.jpg', 'name': 'Blume - Black', 'price': '$29.95', 'user-agent': b'Mozilla/5.0 (Windows NT 10.0; Win64; x64) AppleWebKit/537.36 (KHTML, like Gecko) Chrome/68.0.3440.106 Safari/537.36'}
2020-03-02 17:57:18 [scrapy.core.scraper] DEBUG: Scraped from <200 https://www.glassesshop.com/bestsellers?page=3>
{'url': 'https://www.glassesshop.com/eyeglasses/fp1855', 'img_url': 'https://glassesshop-res.cloudinary.com/w_800,h_400,c_pad/products/201904/5cc2bffd51c66.jpg', 'name': 'Tate - Pink', 'price': '\n                                        ', 'user-agent': b'Mozilla/5.0 (Windows NT 10.0; Win64; x64) AppleWebKit/537.36 (KHTML, like Gecko) Chrome/68.0.3440.106 Safari/537.36'}
2020-03-02 17:57:18 [scrapy.core.scraper] DEBUG: Scraped from <200 https://www.glassesshop.com/bestsellers?page=3>
{'url': 'https://www.glassesshop.com/eyeglasses/fp1837', 'img_url': 'https://glassesshop-res.cloudinary.com/w_800,h_400,c_pad/products/201904/5cb69b511b3c1.jpg', 'name': 'Husk - Purple', 'price': '$19.95', 'user-agent': b'Mozilla/5.0 (Windows NT 10.0; Win64; x64) AppleWebKit/537.36 (KHTML, like Gecko) Chrome/68.0.3440.106 Safari/537.36'}
2020-03-02 17:57:18 [scrapy.core.scraper] DEBUG: Scraped from <200 https://www.glassesshop.com/bestsellers?page=3>
{'url': 'https://www.glassesshop.com/eyeglasses/sup0645', 'img_url': 'https://glassesshop-res.cloudinary.com/w_800,h_400,c_pad/products/201904/5cc2bffdced2a.jpg', 'name': 'Smedley - Black/Golden', 'price': '$29.95', 'user-agent': b'Mozilla/5.0 (Windows NT 10.0; Win64; x64) AppleWebKit/537.36 (KHTML, like Gecko) Chrome/68.0.3440.106 Safari/537.36'}
2020-03-02 17:57:18 [scrapy.core.scraper] DEBUG: Scraped from <200 https://www.glassesshop.com/bestsellers?page=3>
{'url': 'https://www.glassesshop.com/eyeglasses/fz1301', 'img_url': 'https://glassesshop-res.cloudinary.com/w_800,h_400,c_pad/products/201904/5cb69b51406fd.jpg', 'name': 'Moore - Black/Red', 'price': '\n                                        ', 'user-agent': b'Mozilla/5.0 (Windows NT 10.0; Win64; x64) AppleWebKit/537.36 (KHTML, like Gecko) Chrome/68.0.3440.106 Safari/537.36'}
2020-03-02 17:57:18 [scrapy.core.scraper] DEBUG: Scraped from <200 https://www.glassesshop.com/bestsellers?page=3>
{'url': 'https://www.glassesshop.com/eyeglasses/fz1388', 'img_url': 'https://glassesshop-res.cloudinary.com/w_800,h_400,c_pad/products/201908/5d52830d30ae0.jpg', 'name': 'Alieen - Black', 'price': '$34.95', 'user-agent': b'Mozilla/5.0 (Windows NT 10.0; Win64; x64) AppleWebKit/537.36 (KHTML, like Gecko) Chrome/68.0.3440.106 Safari/537.36'}
2020-03-02 17:57:18 [scrapy.core.engine] INFO: Closing spider (finished)
2020-03-02 17:57:18 [scrapy.statscollectors] INFO: Dumping Scrapy stats:
{'downloader/request_bytes': 3014,
 'downloader/request_count': 4,
 'downloader/request_method_count/GET': 4,
 'downloader/response_bytes': 87275,
 'downloader/response_count': 4,
 'downloader/response_status_count/200': 4,
 'elapsed_time_seconds': 4.994991,
 'finish_reason': 'finished',
 'finish_time': datetime.datetime(2020, 3, 2, 22, 57, 18, 54369),
 'item_scraped_count': 179,
 'log_count/DEBUG': 183,
 'log_count/INFO': 10,
 'memusage/max': 51613696,
 'memusage/startup': 51613696,
 'request_depth_max': 2,
 'response_received_count': 4,
 'robotstxt/request_count': 1,
 'robotstxt/response_count': 1,
 'robotstxt/response_status_count/200': 1,
 'scheduler/dequeued': 3,
 'scheduler/dequeued/memory': 3,
 'scheduler/enqueued': 3,
 'scheduler/enqueued/memory': 3,
 'start_time': datetime.datetime(2020, 3, 2, 22, 57, 13, 59378)}
2020-03-02 17:57:18 [scrapy.core.engine] INFO: Spider closed (finished)
